Single Game Experiment: Alien
Episodes per algorithm: 20
Output directory: ./results/single_game/alien_20ep_20250805_082807
Starting Alien experiment with 3 algorithms

==================================================
Running Basic DQN
==================================================
DEBUG: Starting algorithm Basic DQN
DEBUG: Creating DQNAgent with config...
Using device: cuda
A.L.E: Arcade Learning Environment (version 0.11.2+ecc1138)
[Powered by Stella]
Using Standard DQN Network
Using Uniform Transition Buffer
DEBUG: DQNAgent created successfully
DEBUG: Agent device: cuda
DEBUG: Buffer type: ReplayBuffer
Starting Basic DQN training...
DEBUG: Starting episode 1/20
DEBUG: Environment reset, obs shape: (210, 160, 3)
DEBUG: Frame stack reset, state shape: (12, 210, 160)
DEBUG: Hidden state reset
DEBUG: Episode 1 step 1
DEBUG: Episode 1 step 21
DEBUG: Episode 1 step 41
DEBUG: Episode 1 step 61
DEBUG: Episode 1 step 81
DEBUG: Episode 1 step 101
DEBUG: Episode 1 step 121
DEBUG: Episode 1 step 141
DEBUG: Episode 1 step 161
DEBUG: Episode 1 step 181
DEBUG: Episode 1 step 201
DEBUG: Episode 1 step 221
DEBUG: Episode 1 step 241
DEBUG: Episode 1 step 261
DEBUG: Episode 1 step 281
DEBUG: Episode 1 step 301
DEBUG: Episode 1 step 321
DEBUG: Episode 1 step 341
DEBUG: Episode 1 step 361
DEBUG: Episode 1 step 381
DEBUG: Episode 1 step 401
DEBUG: Episode 1 step 421
DEBUG: Episode 1 step 441
DEBUG: Episode 1 step 461
DEBUG: Episode 1 step 481
Updated target network at step 500
DEBUG: Episode 1 step 501
DEBUG: Episode 1 step 521
DEBUG: Episode 1 step 541
DEBUG: Episode 1 step 561
DEBUG: Episode 1 step 581
DEBUG: Episode 1 step 601
  Episode 1/20: 611 steps, reward: 220.0, time: 15.6s
DEBUG: Starting episode 2/20
DEBUG: Environment reset, obs shape: (210, 160, 3)
DEBUG: Frame stack reset, state shape: (12, 210, 160)
DEBUG: Hidden state reset
DEBUG: Episode 2 step 1
DEBUG: Episode 2 step 21
DEBUG: Episode 2 step 41
DEBUG: Episode 2 step 61
DEBUG: Episode 2 step 81
DEBUG: Episode 2 step 101
DEBUG: Episode 2 step 121
DEBUG: Episode 2 step 141
DEBUG: Episode 2 step 161
DEBUG: Episode 2 step 181
DEBUG: Episode 2 step 201
DEBUG: Episode 2 step 221
DEBUG: Episode 2 step 241
DEBUG: Episode 2 step 261
DEBUG: Episode 2 step 281
DEBUG: Episode 2 step 301
DEBUG: Episode 2 step 321
DEBUG: Episode 2 step 341
DEBUG: Episode 2 step 361
DEBUG: Episode 2 step 381
Updated target network at step 1000
DEBUG: Episode 2 step 401
DEBUG: Episode 2 step 421
DEBUG: Episode 2 step 441
DEBUG: Episode 2 step 461
DEBUG: Episode 2 step 481
DEBUG: Episode 2 step 501
DEBUG: Episode 2 step 521
DEBUG: Episode 2 step 541
DEBUG: Episode 2 step 561
DEBUG: Episode 2 step 581
DEBUG: Episode 2 step 601
DEBUG: Episode 2 step 621
  Episode 2/20: 635 steps, reward: 200.0, time: 18.5s
DEBUG: Starting episode 3/20
DEBUG: Environment reset, obs shape: (210, 160, 3)
DEBUG: Frame stack reset, state shape: (12, 210, 160)
DEBUG: Hidden state reset
DEBUG: Episode 3 step 1
DEBUG: Episode 3 step 21
DEBUG: Episode 3 step 41
DEBUG: Episode 3 step 61
DEBUG: Episode 3 step 81
DEBUG: Episode 3 step 101
DEBUG: Episode 3 step 121
DEBUG: Episode 3 step 141
DEBUG: Episode 3 step 161
DEBUG: Episode 3 step 181
DEBUG: Episode 3 step 201
DEBUG: Episode 3 step 221
DEBUG: Episode 3 step 241
Updated target network at step 1500
DEBUG: Episode 3 step 261
DEBUG: Episode 3 step 281
DEBUG: Episode 3 step 301
DEBUG: Episode 3 step 321
DEBUG: Episode 3 step 341
DEBUG: Episode 3 step 361
DEBUG: Episode 3 step 381
DEBUG: Episode 3 step 401
DEBUG: Episode 3 step 421
DEBUG: Episode 3 step 441
DEBUG: Episode 3 step 461
DEBUG: Episode 3 step 481
DEBUG: Episode 3 step 501
DEBUG: Episode 3 step 521
DEBUG: Episode 3 step 541
DEBUG: Episode 3 step 561
DEBUG: Episode 3 step 581
DEBUG: Episode 3 step 601
DEBUG: Episode 3 step 621
DEBUG: Episode 3 step 641
DEBUG: Episode 3 step 661
DEBUG: Episode 3 step 681
DEBUG: Episode 3 step 701
DEBUG: Episode 3 step 721
DEBUG: Episode 3 step 741
Updated target network at step 2000
DEBUG: Episode 3 step 761
DEBUG: Episode 3 step 781
DEBUG: Episode 3 step 801
DEBUG: Episode 3 step 821
DEBUG: Episode 3 step 841
  Episode 3/20: 847 steps, reward: 220.0, time: 24.7s
DEBUG: Starting episode 4/20
DEBUG: Environment reset, obs shape: (210, 160, 3)
DEBUG: Frame stack reset, state shape: (12, 210, 160)
DEBUG: Hidden state reset
DEBUG: Episode 4 step 1
DEBUG: Episode 4 step 21
DEBUG: Episode 4 step 41
DEBUG: Episode 4 step 61
DEBUG: Episode 4 step 81
DEBUG: Episode 4 step 101
DEBUG: Episode 4 step 121
DEBUG: Episode 4 step 141
DEBUG: Episode 4 step 161
DEBUG: Episode 4 step 181
DEBUG: Episode 4 step 201
DEBUG: Episode 4 step 221
DEBUG: Episode 4 step 241
DEBUG: Episode 4 step 261
DEBUG: Episode 4 step 281
DEBUG: Episode 4 step 301
DEBUG: Episode 4 step 321
DEBUG: Episode 4 step 341
DEBUG: Episode 4 step 361
DEBUG: Episode 4 step 381
DEBUG: Episode 4 step 401
Updated target network at step 2500
DEBUG: Episode 4 step 421
DEBUG: Episode 4 step 441
DEBUG: Episode 4 step 461
DEBUG: Episode 4 step 481
DEBUG: Episode 4 step 501
DEBUG: Episode 4 step 521
  Episode 4/20: 521 steps, reward: 170.0, time: 15.2s
DEBUG: Starting episode 5/20
DEBUG: Environment reset, obs shape: (210, 160, 3)
DEBUG: Frame stack reset, state shape: (12, 210, 160)
DEBUG: Hidden state reset
DEBUG: Episode 5 step 1
DEBUG: Episode 5 step 21
DEBUG: Episode 5 step 41
DEBUG: Episode 5 step 61
DEBUG: Episode 5 step 81
DEBUG: Episode 5 step 101
DEBUG: Episode 5 step 121
DEBUG: Episode 5 step 141
DEBUG: Episode 5 step 161
DEBUG: Episode 5 step 181
DEBUG: Episode 5 step 201
DEBUG: Episode 5 step 221
DEBUG: Episode 5 step 241
DEBUG: Episode 5 step 261
DEBUG: Episode 5 step 281
DEBUG: Episode 5 step 301
DEBUG: Episode 5 step 321
DEBUG: Episode 5 step 341
DEBUG: Episode 5 step 361
DEBUG: Episode 5 step 381
Updated target network at step 3000
DEBUG: Episode 5 step 401
DEBUG: Episode 5 step 421
DEBUG: Episode 5 step 441
DEBUG: Episode 5 step 461
DEBUG: Episode 5 step 481
DEBUG: Episode 5 step 501
DEBUG: Episode 5 step 521
DEBUG: Episode 5 step 541
DEBUG: Episode 5 step 561
DEBUG: Episode 5 step 581
DEBUG: Episode 5 step 601
DEBUG: Episode 5 step 621
DEBUG: Episode 5 step 641
DEBUG: Episode 5 step 661
  Episode 5/20: 666 steps, reward: 270.0, time: 19.4s
DEBUG: Starting episode 6/20
DEBUG: Environment reset, obs shape: (210, 160, 3)
DEBUG: Frame stack reset, state shape: (12, 210, 160)
DEBUG: Hidden state reset
DEBUG: Episode 6 step 1
DEBUG: Episode 6 step 21
DEBUG: Episode 6 step 41
DEBUG: Episode 6 step 61
DEBUG: Episode 6 step 81
DEBUG: Episode 6 step 101
DEBUG: Episode 6 step 121
DEBUG: Episode 6 step 141
DEBUG: Episode 6 step 161
DEBUG: Episode 6 step 181
DEBUG: Episode 6 step 201
Updated target network at step 3500
DEBUG: Episode 6 step 221
DEBUG: Episode 6 step 241
DEBUG: Episode 6 step 261
DEBUG: Episode 6 step 281
DEBUG: Episode 6 step 301
DEBUG: Episode 6 step 321
DEBUG: Episode 6 step 341
DEBUG: Episode 6 step 361
DEBUG: Episode 6 step 381
DEBUG: Episode 6 step 401
DEBUG: Episode 6 step 421
DEBUG: Episode 6 step 441
DEBUG: Episode 6 step 461
DEBUG: Episode 6 step 481
DEBUG: Episode 6 step 501
DEBUG: Episode 6 step 521
DEBUG: Episode 6 step 541
DEBUG: Episode 6 step 561
DEBUG: Episode 6 step 581
DEBUG: Episode 6 step 601
DEBUG: Episode 6 step 621
  Episode 6/20: 626 steps, reward: 200.0, time: 18.1s
DEBUG: Starting episode 7/20
DEBUG: Environment reset, obs shape: (210, 160, 3)
DEBUG: Frame stack reset, state shape: (12, 210, 160)
DEBUG: Hidden state reset
DEBUG: Episode 7 step 1
DEBUG: Episode 7 step 21
DEBUG: Episode 7 step 41
DEBUG: Episode 7 step 61
DEBUG: Episode 7 step 81
Updated target network at step 4000
DEBUG: Episode 7 step 101
DEBUG: Episode 7 step 121
DEBUG: Episode 7 step 141
DEBUG: Episode 7 step 161
DEBUG: Episode 7 step 181
DEBUG: Episode 7 step 201
DEBUG: Episode 7 step 221
DEBUG: Episode 7 step 241
DEBUG: Episode 7 step 261
DEBUG: Episode 7 step 281
DEBUG: Episode 7 step 301
DEBUG: Episode 7 step 321
DEBUG: Episode 7 step 341
DEBUG: Episode 7 step 361
DEBUG: Episode 7 step 381
DEBUG: Episode 7 step 401
DEBUG: Episode 7 step 421
DEBUG: Episode 7 step 441
DEBUG: Episode 7 step 461
DEBUG: Episode 7 step 481
DEBUG: Episode 7 step 501
DEBUG: Episode 7 step 521
DEBUG: Episode 7 step 541
DEBUG: Episode 7 step 561
DEBUG: Episode 7 step 581
Updated target network at step 4500
DEBUG: Episode 7 step 601
DEBUG: Episode 7 step 621
DEBUG: Episode 7 step 641
DEBUG: Episode 7 step 661
DEBUG: Episode 7 step 681
DEBUG: Episode 7 step 701
DEBUG: Episode 7 step 721
DEBUG: Episode 7 step 741
DEBUG: Episode 7 step 761
DEBUG: Episode 7 step 781
DEBUG: Episode 7 step 801
  Episode 7/20: 819 steps, reward: 430.0, time: 24.0s
DEBUG: Starting episode 8/20
DEBUG: Environment reset, obs shape: (210, 160, 3)
DEBUG: Frame stack reset, state shape: (12, 210, 160)
DEBUG: Hidden state reset
DEBUG: Episode 8 step 1
DEBUG: Episode 8 step 21
DEBUG: Episode 8 step 41
DEBUG: Episode 8 step 61
DEBUG: Episode 8 step 81
DEBUG: Episode 8 step 101
DEBUG: Episode 8 step 121
DEBUG: Episode 8 step 141
DEBUG: Episode 8 step 161
DEBUG: Episode 8 step 181
DEBUG: Episode 8 step 201
DEBUG: Episode 8 step 221
DEBUG: Episode 8 step 241
DEBUG: Episode 8 step 261
Updated target network at step 5000
DEBUG: Episode 8 step 281
DEBUG: Episode 8 step 301
DEBUG: Episode 8 step 321
DEBUG: Episode 8 step 341
DEBUG: Episode 8 step 361
DEBUG: Episode 8 step 381
DEBUG: Episode 8 step 401
DEBUG: Episode 8 step 421
DEBUG: Episode 8 step 441
DEBUG: Episode 8 step 461
DEBUG: Episode 8 step 481
DEBUG: Episode 8 step 501
DEBUG: Episode 8 step 521
DEBUG: Episode 8 step 541
DEBUG: Episode 8 step 561
DEBUG: Episode 8 step 581
DEBUG: Episode 8 step 601
DEBUG: Episode 8 step 621
DEBUG: Episode 8 step 641
  Episode 8/20: 644 steps, reward: 230.0, time: 18.8s
DEBUG: Starting episode 9/20
DEBUG: Environment reset, obs shape: (210, 160, 3)
DEBUG: Frame stack reset, state shape: (12, 210, 160)
DEBUG: Hidden state reset
DEBUG: Episode 9 step 1
DEBUG: Episode 9 step 21
DEBUG: Episode 9 step 41
DEBUG: Episode 9 step 61
DEBUG: Episode 9 step 81
DEBUG: Episode 9 step 101
DEBUG: Episode 9 step 121
Updated target network at step 5500
DEBUG: Episode 9 step 141
DEBUG: Episode 9 step 161
DEBUG: Episode 9 step 181
DEBUG: Episode 9 step 201
DEBUG: Episode 9 step 221
DEBUG: Episode 9 step 241
DEBUG: Episode 9 step 261
DEBUG: Episode 9 step 281
DEBUG: Episode 9 step 301
DEBUG: Episode 9 step 321
DEBUG: Episode 9 step 341
DEBUG: Episode 9 step 361
DEBUG: Episode 9 step 381
DEBUG: Episode 9 step 401
DEBUG: Episode 9 step 421
DEBUG: Episode 9 step 441
DEBUG: Episode 9 step 461
DEBUG: Episode 9 step 481
DEBUG: Episode 9 step 501
DEBUG: Episode 9 step 521
DEBUG: Episode 9 step 541
DEBUG: Episode 9 step 561
DEBUG: Episode 9 step 581
DEBUG: Episode 9 step 601
DEBUG: Episode 9 step 621
Updated target network at step 6000
DEBUG: Episode 9 step 641
DEBUG: Episode 9 step 661
DEBUG: Episode 9 step 681
  Episode 9/20: 681 steps, reward: 300.0, time: 19.9s
DEBUG: Starting episode 10/20
DEBUG: Environment reset, obs shape: (210, 160, 3)
DEBUG: Frame stack reset, state shape: (12, 210, 160)
DEBUG: Hidden state reset
DEBUG: Episode 10 step 1
DEBUG: Episode 10 step 21
DEBUG: Episode 10 step 41
DEBUG: Episode 10 step 61
DEBUG: Episode 10 step 81
DEBUG: Episode 10 step 101
DEBUG: Episode 10 step 121
DEBUG: Episode 10 step 141
DEBUG: Episode 10 step 161
DEBUG: Episode 10 step 181
DEBUG: Episode 10 step 201
DEBUG: Episode 10 step 221
DEBUG: Episode 10 step 241
DEBUG: Episode 10 step 261
DEBUG: Episode 10 step 281
DEBUG: Episode 10 step 301
DEBUG: Episode 10 step 321
DEBUG: Episode 10 step 341
DEBUG: Episode 10 step 361
DEBUG: Episode 10 step 381
DEBUG: Episode 10 step 401
DEBUG: Episode 10 step 421
DEBUG: Episode 10 step 441
Updated target network at step 6500
DEBUG: Episode 10 step 461
DEBUG: Episode 10 step 481
DEBUG: Episode 10 step 501
DEBUG: Episode 10 step 521
DEBUG: Episode 10 step 541
DEBUG: Episode 10 step 561
DEBUG: Episode 10 step 581
DEBUG: Episode 10 step 601
  Episode 10/20: 601 steps, reward: 270.0, time: 17.6s
DEBUG: Starting episode 11/20
DEBUG: Environment reset, obs shape: (210, 160, 3)
DEBUG: Frame stack reset, state shape: (12, 210, 160)
DEBUG: Hidden state reset
DEBUG: Episode 11 step 1
DEBUG: Episode 11 step 21
DEBUG: Episode 11 step 41
DEBUG: Episode 11 step 61
DEBUG: Episode 11 step 81
DEBUG: Episode 11 step 101
DEBUG: Episode 11 step 121
DEBUG: Episode 11 step 141
DEBUG: Episode 11 step 161
DEBUG: Episode 11 step 181
DEBUG: Episode 11 step 201
DEBUG: Episode 11 step 221
DEBUG: Episode 11 step 241
DEBUG: Episode 11 step 261
DEBUG: Episode 11 step 281
DEBUG: Episode 11 step 301
DEBUG: Episode 11 step 321
DEBUG: Episode 11 step 341
Updated target network at step 7000
DEBUG: Episode 11 step 361
DEBUG: Episode 11 step 381
DEBUG: Episode 11 step 401
DEBUG: Episode 11 step 421
DEBUG: Episode 11 step 441
DEBUG: Episode 11 step 461
DEBUG: Episode 11 step 481
DEBUG: Episode 11 step 501
DEBUG: Episode 11 step 521
DEBUG: Episode 11 step 541
DEBUG: Episode 11 step 561
DEBUG: Episode 11 step 581
DEBUG: Episode 11 step 601
DEBUG: Episode 11 step 621
DEBUG: Episode 11 step 641
  Episode 11/20: 657 steps, reward: 190.0, time: 19.4s
DEBUG: Starting episode 12/20
DEBUG: Environment reset, obs shape: (210, 160, 3)
DEBUG: Frame stack reset, state shape: (12, 210, 160)
DEBUG: Hidden state reset
DEBUG: Episode 12 step 1
DEBUG: Episode 12 step 21
DEBUG: Episode 12 step 41
DEBUG: Episode 12 step 61
DEBUG: Episode 12 step 81
DEBUG: Episode 12 step 101
DEBUG: Episode 12 step 121
DEBUG: Episode 12 step 141
DEBUG: Episode 12 step 161
DEBUG: Episode 12 step 181
Updated target network at step 7500
DEBUG: Episode 12 step 201
DEBUG: Episode 12 step 221
DEBUG: Episode 12 step 241
DEBUG: Episode 12 step 261
DEBUG: Episode 12 step 281
DEBUG: Episode 12 step 301
DEBUG: Episode 12 step 321
DEBUG: Episode 12 step 341
DEBUG: Episode 12 step 361
DEBUG: Episode 12 step 381
DEBUG: Episode 12 step 401
DEBUG: Episode 12 step 421
DEBUG: Episode 12 step 441
DEBUG: Episode 12 step 461
DEBUG: Episode 12 step 481
DEBUG: Episode 12 step 501
DEBUG: Episode 12 step 521
DEBUG: Episode 12 step 541
DEBUG: Episode 12 step 561
DEBUG: Episode 12 step 581
DEBUG: Episode 12 step 601
DEBUG: Episode 12 step 621
DEBUG: Episode 12 step 641
DEBUG: Episode 12 step 661
DEBUG: Episode 12 step 681
Updated target network at step 8000
DEBUG: Episode 12 step 701
DEBUG: Episode 12 step 721
DEBUG: Episode 12 step 741
DEBUG: Episode 12 step 761
DEBUG: Episode 12 step 781
  Episode 12/20: 798 steps, reward: 330.0, time: 23.3s
DEBUG: Starting episode 13/20
DEBUG: Environment reset, obs shape: (210, 160, 3)
DEBUG: Frame stack reset, state shape: (12, 210, 160)
DEBUG: Hidden state reset
DEBUG: Episode 13 step 1
DEBUG: Episode 13 step 21
DEBUG: Episode 13 step 41
DEBUG: Episode 13 step 61
DEBUG: Episode 13 step 81
DEBUG: Episode 13 step 101
DEBUG: Episode 13 step 121
DEBUG: Episode 13 step 141
DEBUG: Episode 13 step 161
DEBUG: Episode 13 step 181
DEBUG: Episode 13 step 201
DEBUG: Episode 13 step 221
DEBUG: Episode 13 step 241
DEBUG: Episode 13 step 261
DEBUG: Episode 13 step 281
DEBUG: Episode 13 step 301
DEBUG: Episode 13 step 321
DEBUG: Episode 13 step 341
DEBUG: Episode 13 step 361
DEBUG: Episode 13 step 381
Updated target network at step 8500
DEBUG: Episode 13 step 401
DEBUG: Episode 13 step 421
DEBUG: Episode 13 step 441
DEBUG: Episode 13 step 461
DEBUG: Episode 13 step 481
DEBUG: Episode 13 step 501
DEBUG: Episode 13 step 521
DEBUG: Episode 13 step 541
DEBUG: Episode 13 step 561
DEBUG: Episode 13 step 581
DEBUG: Episode 13 step 601
DEBUG: Episode 13 step 621
DEBUG: Episode 13 step 641
DEBUG: Episode 13 step 661
DEBUG: Episode 13 step 681
DEBUG: Episode 13 step 701
DEBUG: Episode 13 step 721
DEBUG: Episode 13 step 741
  Episode 13/20: 759 steps, reward: 380.0, time: 22.3s
DEBUG: Starting episode 14/20
DEBUG: Environment reset, obs shape: (210, 160, 3)
DEBUG: Frame stack reset, state shape: (12, 210, 160)
DEBUG: Hidden state reset
DEBUG: Episode 14 step 1
DEBUG: Episode 14 step 21
DEBUG: Episode 14 step 41
DEBUG: Episode 14 step 61
DEBUG: Episode 14 step 81
DEBUG: Episode 14 step 101
DEBUG: Episode 14 step 121
Updated target network at step 9000
DEBUG: Episode 14 step 141
DEBUG: Episode 14 step 161
DEBUG: Episode 14 step 181
DEBUG: Episode 14 step 201
DEBUG: Episode 14 step 221
DEBUG: Episode 14 step 241
DEBUG: Episode 14 step 261
DEBUG: Episode 14 step 281
DEBUG: Episode 14 step 301
DEBUG: Episode 14 step 321
DEBUG: Episode 14 step 341
DEBUG: Episode 14 step 361
DEBUG: Episode 14 step 381
DEBUG: Episode 14 step 401
DEBUG: Episode 14 step 421
DEBUG: Episode 14 step 441
DEBUG: Episode 14 step 461
DEBUG: Episode 14 step 481
DEBUG: Episode 14 step 501
DEBUG: Episode 14 step 521
DEBUG: Episode 14 step 541
DEBUG: Episode 14 step 561
DEBUG: Episode 14 step 581
DEBUG: Episode 14 step 601
DEBUG: Episode 14 step 621
Updated target network at step 9500
DEBUG: Episode 14 step 641
DEBUG: Episode 14 step 661
DEBUG: Episode 14 step 681
DEBUG: Episode 14 step 701
DEBUG: Episode 14 step 721
DEBUG: Episode 14 step 741
DEBUG: Episode 14 step 761
DEBUG: Episode 14 step 781
DEBUG: Episode 14 step 801
  Episode 14/20: 807 steps, reward: 320.0, time: 23.8s
DEBUG: Starting episode 15/20
DEBUG: Environment reset, obs shape: (210, 160, 3)
DEBUG: Frame stack reset, state shape: (12, 210, 160)
DEBUG: Hidden state reset
DEBUG: Episode 15 step 1
DEBUG: Episode 15 step 21
DEBUG: Episode 15 step 41
DEBUG: Episode 15 step 61
DEBUG: Episode 15 step 81
DEBUG: Episode 15 step 101
DEBUG: Episode 15 step 121
DEBUG: Episode 15 step 141
DEBUG: Episode 15 step 161
DEBUG: Episode 15 step 181
DEBUG: Episode 15 step 201
DEBUG: Episode 15 step 221
DEBUG: Episode 15 step 241
DEBUG: Episode 15 step 261
DEBUG: Episode 15 step 281
DEBUG: Episode 15 step 301
DEBUG: Episode 15 step 321
Updated target network at step 10000
DEBUG: Episode 15 step 341
DEBUG: Episode 15 step 361
DEBUG: Episode 15 step 381
DEBUG: Episode 15 step 401
DEBUG: Episode 15 step 421
DEBUG: Episode 15 step 441
DEBUG: Episode 15 step 461
DEBUG: Episode 15 step 481
DEBUG: Episode 15 step 501
DEBUG: Episode 15 step 521
DEBUG: Episode 15 step 541
DEBUG: Episode 15 step 561
DEBUG: Episode 15 step 581
DEBUG: Episode 15 step 601
DEBUG: Episode 15 step 621
DEBUG: Episode 15 step 641
DEBUG: Episode 15 step 661
DEBUG: Episode 15 step 681
DEBUG: Episode 15 step 701
DEBUG: Episode 15 step 721
  Episode 15/20: 737 steps, reward: 290.0, time: 21.7s
DEBUG: Starting episode 16/20
DEBUG: Environment reset, obs shape: (210, 160, 3)
DEBUG: Frame stack reset, state shape: (12, 210, 160)
DEBUG: Hidden state reset
DEBUG: Episode 16 step 1
DEBUG: Episode 16 step 21
DEBUG: Episode 16 step 41
DEBUG: Episode 16 step 61
DEBUG: Episode 16 step 81
Updated target network at step 10500
DEBUG: Episode 16 step 101
DEBUG: Episode 16 step 121
DEBUG: Episode 16 step 141
DEBUG: Episode 16 step 161
DEBUG: Episode 16 step 181
DEBUG: Episode 16 step 201
DEBUG: Episode 16 step 221
DEBUG: Episode 16 step 241
DEBUG: Episode 16 step 261
DEBUG: Episode 16 step 281
DEBUG: Episode 16 step 301
DEBUG: Episode 16 step 321
DEBUG: Episode 16 step 341
DEBUG: Episode 16 step 361
DEBUG: Episode 16 step 381
DEBUG: Episode 16 step 401
DEBUG: Episode 16 step 421
DEBUG: Episode 16 step 441
DEBUG: Episode 16 step 461
DEBUG: Episode 16 step 481
DEBUG: Episode 16 step 501
DEBUG: Episode 16 step 521
DEBUG: Episode 16 step 541
DEBUG: Episode 16 step 561
DEBUG: Episode 16 step 581
Updated target network at step 11000
DEBUG: Episode 16 step 601
DEBUG: Episode 16 step 621
DEBUG: Episode 16 step 641
  Episode 16/20: 647 steps, reward: 190.0, time: 19.1s
DEBUG: Starting episode 17/20
DEBUG: Environment reset, obs shape: (210, 160, 3)
DEBUG: Frame stack reset, state shape: (12, 210, 160)
DEBUG: Hidden state reset
DEBUG: Episode 17 step 1
DEBUG: Episode 17 step 21
DEBUG: Episode 17 step 41
DEBUG: Episode 17 step 61
DEBUG: Episode 17 step 81
DEBUG: Episode 17 step 101
DEBUG: Episode 17 step 121
DEBUG: Episode 17 step 141
DEBUG: Episode 17 step 161
DEBUG: Episode 17 step 181
DEBUG: Episode 17 step 201
DEBUG: Episode 17 step 221
DEBUG: Episode 17 step 241
DEBUG: Episode 17 step 261
DEBUG: Episode 17 step 281
DEBUG: Episode 17 step 301
DEBUG: Episode 17 step 321
DEBUG: Episode 17 step 341
DEBUG: Episode 17 step 361
DEBUG: Episode 17 step 381
DEBUG: Episode 17 step 401
DEBUG: Episode 17 step 421
  Episode 17/20: 429 steps, reward: 180.0, time: 12.6s
DEBUG: Starting episode 18/20
DEBUG: Environment reset, obs shape: (210, 160, 3)
DEBUG: Frame stack reset, state shape: (12, 210, 160)
DEBUG: Hidden state reset
DEBUG: Episode 18 step 1
Updated target network at step 11500
DEBUG: Episode 18 step 21
DEBUG: Episode 18 step 41
DEBUG: Episode 18 step 61
DEBUG: Episode 18 step 81
DEBUG: Episode 18 step 101
DEBUG: Episode 18 step 121
DEBUG: Episode 18 step 141
DEBUG: Episode 18 step 161
DEBUG: Episode 18 step 181
DEBUG: Episode 18 step 201
DEBUG: Episode 18 step 221
DEBUG: Episode 18 step 241
DEBUG: Episode 18 step 261
DEBUG: Episode 18 step 281
DEBUG: Episode 18 step 301
DEBUG: Episode 18 step 321
DEBUG: Episode 18 step 341
DEBUG: Episode 18 step 361
DEBUG: Episode 18 step 381
DEBUG: Episode 18 step 401
DEBUG: Episode 18 step 421
DEBUG: Episode 18 step 441
DEBUG: Episode 18 step 461
DEBUG: Episode 18 step 481
DEBUG: Episode 18 step 501
Updated target network at step 12000
DEBUG: Episode 18 step 521
DEBUG: Episode 18 step 541
DEBUG: Episode 18 step 561
DEBUG: Episode 18 step 581
DEBUG: Episode 18 step 601
  Episode 18/20: 618 steps, reward: 270.0, time: 18.2s
DEBUG: Starting episode 19/20
DEBUG: Environment reset, obs shape: (210, 160, 3)
DEBUG: Frame stack reset, state shape: (12, 210, 160)
DEBUG: Hidden state reset
DEBUG: Episode 19 step 1
DEBUG: Episode 19 step 21
DEBUG: Episode 19 step 41
DEBUG: Episode 19 step 61
DEBUG: Episode 19 step 81
DEBUG: Episode 19 step 101
DEBUG: Episode 19 step 121
DEBUG: Episode 19 step 141
DEBUG: Episode 19 step 161
DEBUG: Episode 19 step 181
DEBUG: Episode 19 step 201
DEBUG: Episode 19 step 221
DEBUG: Episode 19 step 241
DEBUG: Episode 19 step 261
DEBUG: Episode 19 step 281
DEBUG: Episode 19 step 301
DEBUG: Episode 19 step 321
DEBUG: Episode 19 step 341
DEBUG: Episode 19 step 361
DEBUG: Episode 19 step 381
Updated target network at step 12500
DEBUG: Episode 19 step 401
DEBUG: Episode 19 step 421
DEBUG: Episode 19 step 441
DEBUG: Episode 19 step 461
DEBUG: Episode 19 step 481
DEBUG: Episode 19 step 501
DEBUG: Episode 19 step 521
DEBUG: Episode 19 step 541
DEBUG: Episode 19 step 561
  Episode 19/20: 562 steps, reward: 340.0, time: 16.7s
DEBUG: Starting episode 20/20
DEBUG: Environment reset, obs shape: (210, 160, 3)
DEBUG: Frame stack reset, state shape: (12, 210, 160)
DEBUG: Hidden state reset
DEBUG: Episode 20 step 1
DEBUG: Episode 20 step 21
DEBUG: Episode 20 step 41
DEBUG: Episode 20 step 61
DEBUG: Episode 20 step 81
DEBUG: Episode 20 step 101
DEBUG: Episode 20 step 121
DEBUG: Episode 20 step 141
DEBUG: Episode 20 step 161
DEBUG: Episode 20 step 181
DEBUG: Episode 20 step 201
DEBUG: Episode 20 step 221
DEBUG: Episode 20 step 241
DEBUG: Episode 20 step 261
DEBUG: Episode 20 step 281
DEBUG: Episode 20 step 301
DEBUG: Episode 20 step 321
Updated target network at step 13000
DEBUG: Episode 20 step 341
DEBUG: Episode 20 step 361
DEBUG: Episode 20 step 381
DEBUG: Episode 20 step 401
DEBUG: Episode 20 step 421
DEBUG: Episode 20 step 441
DEBUG: Episode 20 step 461
DEBUG: Episode 20 step 481
DEBUG: Episode 20 step 501
DEBUG: Episode 20 step 521
DEBUG: Episode 20 step 541
DEBUG: Episode 20 step 561
DEBUG: Episode 20 step 581
DEBUG: Episode 20 step 601
DEBUG: Episode 20 step 621
  Episode 20/20: 640 steps, reward: 390.0, time: 19.0s
✓ Basic DQN completed in 389.5s
  Episodes: 20
  Average reward: 269.50
  Final 10 episodes: 288.00
  Best episode: 430.00

==================================================
Running DQN + Priority
==================================================
DEBUG: Starting algorithm DQN + Priority
DEBUG: Creating DQNAgent with config...
Using device: cuda
Using Standard DQN Network
Using Prioritized Transition Buffer
DEBUG: DQNAgent created successfully
DEBUG: Agent device: cuda
DEBUG: Buffer type: PrioritizedReplayBuffer
Starting DQN + Priority training...
DEBUG: Starting episode 1/20
DEBUG: Environment reset, obs shape: (210, 160, 3)
DEBUG: Frame stack reset, state shape: (12, 210, 160)
DEBUG: Hidden state reset
DEBUG: Episode 1 step 1
DEBUG: Episode 1 step 21
DEBUG: Episode 1 step 41
DEBUG: Episode 1 step 61
DEBUG: Episode 1 step 81
DEBUG: Episode 1 step 101
DEBUG: Episode 1 step 121
DEBUG: Episode 1 step 141
DEBUG: Episode 1 step 161
DEBUG: Episode 1 step 181
DEBUG: Episode 1 step 201
DEBUG: Episode 1 step 221
DEBUG: Episode 1 step 241
DEBUG: Episode 1 step 261
DEBUG: Episode 1 step 281
DEBUG: Episode 1 step 301
DEBUG: Episode 1 step 321
DEBUG: Episode 1 step 341
DEBUG: Episode 1 step 361
DEBUG: Episode 1 step 381
DEBUG: Episode 1 step 401
DEBUG: Episode 1 step 421
DEBUG: Episode 1 step 441
DEBUG: Episode 1 step 461
DEBUG: Episode 1 step 481
Updated target network at step 500
DEBUG: Episode 1 step 501
DEBUG: Episode 1 step 521
DEBUG: Episode 1 step 541
DEBUG: Episode 1 step 561
DEBUG: Episode 1 step 581
DEBUG: Episode 1 step 601
DEBUG: Episode 1 step 621
DEBUG: Episode 1 step 641
DEBUG: Episode 1 step 661
DEBUG: Episode 1 step 681
DEBUG: Episode 1 step 701
DEBUG: Episode 1 step 721
DEBUG: Episode 1 step 741
  Episode 1/20: 753 steps, reward: 210.0, time: 14.3s
DEBUG: Starting episode 2/20
DEBUG: Environment reset, obs shape: (210, 160, 3)
DEBUG: Frame stack reset, state shape: (12, 210, 160)
DEBUG: Hidden state reset
DEBUG: Episode 2 step 1
DEBUG: Episode 2 step 21
DEBUG: Episode 2 step 41
DEBUG: Episode 2 step 61
DEBUG: Episode 2 step 81
DEBUG: Episode 2 step 101
DEBUG: Episode 2 step 121
DEBUG: Episode 2 step 141
DEBUG: Episode 2 step 161
DEBUG: Episode 2 step 181
DEBUG: Episode 2 step 201
DEBUG: Episode 2 step 221
DEBUG: Episode 2 step 241
Updated target network at step 1000
DEBUG: Episode 2 step 261
DEBUG: Episode 2 step 281
DEBUG: Episode 2 step 301
DEBUG: Episode 2 step 321
DEBUG: Episode 2 step 341
DEBUG: Episode 2 step 361
DEBUG: Episode 2 step 381
DEBUG: Episode 2 step 401
DEBUG: Episode 2 step 421
DEBUG: Episode 2 step 441
DEBUG: Episode 2 step 461
DEBUG: Episode 2 step 481
DEBUG: Episode 2 step 501
DEBUG: Episode 2 step 521
DEBUG: Episode 2 step 541
DEBUG: Episode 2 step 561
DEBUG: Episode 2 step 581
DEBUG: Episode 2 step 601
DEBUG: Episode 2 step 621
DEBUG: Episode 2 step 641
DEBUG: Episode 2 step 661
DEBUG: Episode 2 step 681
DEBUG: Episode 2 step 701
DEBUG: Episode 2 step 721
  Episode 2/20: 722 steps, reward: 160.0, time: 15.7s
DEBUG: Starting episode 3/20
DEBUG: Environment reset, obs shape: (210, 160, 3)
DEBUG: Frame stack reset, state shape: (12, 210, 160)
DEBUG: Hidden state reset
DEBUG: Episode 3 step 1
DEBUG: Episode 3 step 21
Updated target network at step 1500
DEBUG: Episode 3 step 41
DEBUG: Episode 3 step 61
DEBUG: Episode 3 step 81
DEBUG: Episode 3 step 101
DEBUG: Episode 3 step 121
DEBUG: Episode 3 step 141
DEBUG: Episode 3 step 161
DEBUG: Episode 3 step 181
DEBUG: Episode 3 step 201
DEBUG: Episode 3 step 221
DEBUG: Episode 3 step 241
DEBUG: Episode 3 step 261
DEBUG: Episode 3 step 281
DEBUG: Episode 3 step 301
DEBUG: Episode 3 step 321
DEBUG: Episode 3 step 341
DEBUG: Episode 3 step 361
DEBUG: Episode 3 step 381
DEBUG: Episode 3 step 401
DEBUG: Episode 3 step 421
DEBUG: Episode 3 step 441
DEBUG: Episode 3 step 461
DEBUG: Episode 3 step 481
DEBUG: Episode 3 step 501
DEBUG: Episode 3 step 521
Updated target network at step 2000
DEBUG: Episode 3 step 541
DEBUG: Episode 3 step 561
DEBUG: Episode 3 step 581
DEBUG: Episode 3 step 601
DEBUG: Episode 3 step 621
DEBUG: Episode 3 step 641
DEBUG: Episode 3 step 661
DEBUG: Episode 3 step 681
DEBUG: Episode 3 step 701
DEBUG: Episode 3 step 721
DEBUG: Episode 3 step 741
DEBUG: Episode 3 step 761
DEBUG: Episode 3 step 781
DEBUG: Episode 3 step 801
DEBUG: Episode 3 step 821
DEBUG: Episode 3 step 841
DEBUG: Episode 3 step 861
  Episode 3/20: 874 steps, reward: 190.0, time: 19.1s
DEBUG: Starting episode 4/20
DEBUG: Environment reset, obs shape: (210, 160, 3)
DEBUG: Frame stack reset, state shape: (12, 210, 160)
DEBUG: Hidden state reset
DEBUG: Episode 4 step 1
DEBUG: Episode 4 step 21
DEBUG: Episode 4 step 41
DEBUG: Episode 4 step 61
DEBUG: Episode 4 step 81
DEBUG: Episode 4 step 101
DEBUG: Episode 4 step 121
DEBUG: Episode 4 step 141
Updated target network at step 2500
DEBUG: Episode 4 step 161
DEBUG: Episode 4 step 181
DEBUG: Episode 4 step 201
DEBUG: Episode 4 step 221
DEBUG: Episode 4 step 241
DEBUG: Episode 4 step 261
DEBUG: Episode 4 step 281
DEBUG: Episode 4 step 301
DEBUG: Episode 4 step 321
DEBUG: Episode 4 step 341
DEBUG: Episode 4 step 361
DEBUG: Episode 4 step 381
DEBUG: Episode 4 step 401
DEBUG: Episode 4 step 421
DEBUG: Episode 4 step 441
DEBUG: Episode 4 step 461
DEBUG: Episode 4 step 481
DEBUG: Episode 4 step 501
DEBUG: Episode 4 step 521
DEBUG: Episode 4 step 541
DEBUG: Episode 4 step 561
DEBUG: Episode 4 step 581
  Episode 4/20: 585 steps, reward: 130.0, time: 13.8s
DEBUG: Starting episode 5/20
DEBUG: Environment reset, obs shape: (210, 160, 3)
DEBUG: Frame stack reset, state shape: (12, 210, 160)
DEBUG: Hidden state reset
DEBUG: Episode 5 step 1
DEBUG: Episode 5 step 21
DEBUG: Episode 5 step 41
DEBUG: Episode 5 step 61
Updated target network at step 3000
DEBUG: Episode 5 step 81
DEBUG: Episode 5 step 101
DEBUG: Episode 5 step 121
DEBUG: Episode 5 step 141
DEBUG: Episode 5 step 161
DEBUG: Episode 5 step 181
DEBUG: Episode 5 step 201
DEBUG: Episode 5 step 221
DEBUG: Episode 5 step 241
DEBUG: Episode 5 step 261
DEBUG: Episode 5 step 281
DEBUG: Episode 5 step 301
DEBUG: Episode 5 step 321
DEBUG: Episode 5 step 341
DEBUG: Episode 5 step 361
DEBUG: Episode 5 step 381
DEBUG: Episode 5 step 401
DEBUG: Episode 5 step 421
DEBUG: Episode 5 step 441
DEBUG: Episode 5 step 461
DEBUG: Episode 5 step 481
DEBUG: Episode 5 step 501
DEBUG: Episode 5 step 521
DEBUG: Episode 5 step 541
DEBUG: Episode 5 step 561
Updated target network at step 3500
DEBUG: Episode 5 step 581
DEBUG: Episode 5 step 601
DEBUG: Episode 5 step 621
DEBUG: Episode 5 step 641
DEBUG: Episode 5 step 661
DEBUG: Episode 5 step 681
DEBUG: Episode 5 step 701
DEBUG: Episode 5 step 721
DEBUG: Episode 5 step 741
  Episode 5/20: 758 steps, reward: 270.0, time: 18.9s
DEBUG: Starting episode 6/20
DEBUG: Environment reset, obs shape: (210, 160, 3)
DEBUG: Frame stack reset, state shape: (12, 210, 160)
DEBUG: Hidden state reset
DEBUG: Episode 6 step 1
DEBUG: Episode 6 step 21
DEBUG: Episode 6 step 41
DEBUG: Episode 6 step 61
DEBUG: Episode 6 step 81
DEBUG: Episode 6 step 101
DEBUG: Episode 6 step 121
DEBUG: Episode 6 step 141
DEBUG: Episode 6 step 161
DEBUG: Episode 6 step 181
DEBUG: Episode 6 step 201
DEBUG: Episode 6 step 221
DEBUG: Episode 6 step 241
DEBUG: Episode 6 step 261
DEBUG: Episode 6 step 281
DEBUG: Episode 6 step 301
Updated target network at step 4000
DEBUG: Episode 6 step 321
DEBUG: Episode 6 step 341
DEBUG: Episode 6 step 361
DEBUG: Episode 6 step 381
DEBUG: Episode 6 step 401
DEBUG: Episode 6 step 421
DEBUG: Episode 6 step 441
DEBUG: Episode 6 step 461
DEBUG: Episode 6 step 481
DEBUG: Episode 6 step 501
DEBUG: Episode 6 step 521
DEBUG: Episode 6 step 541
DEBUG: Episode 6 step 561
DEBUG: Episode 6 step 581
DEBUG: Episode 6 step 601
  Episode 6/20: 609 steps, reward: 250.0, time: 15.1s
DEBUG: Starting episode 7/20
DEBUG: Environment reset, obs shape: (210, 160, 3)
DEBUG: Frame stack reset, state shape: (12, 210, 160)
DEBUG: Hidden state reset
DEBUG: Episode 7 step 1
DEBUG: Episode 7 step 21
DEBUG: Episode 7 step 41
DEBUG: Episode 7 step 61
DEBUG: Episode 7 step 81
DEBUG: Episode 7 step 101
DEBUG: Episode 7 step 121
DEBUG: Episode 7 step 141
DEBUG: Episode 7 step 161
DEBUG: Episode 7 step 181
Updated target network at step 4500
DEBUG: Episode 7 step 201
DEBUG: Episode 7 step 221
DEBUG: Episode 7 step 241
DEBUG: Episode 7 step 261
DEBUG: Episode 7 step 281
DEBUG: Episode 7 step 301
DEBUG: Episode 7 step 321
DEBUG: Episode 7 step 341
DEBUG: Episode 7 step 361
DEBUG: Episode 7 step 381
DEBUG: Episode 7 step 401
DEBUG: Episode 7 step 421
DEBUG: Episode 7 step 441
DEBUG: Episode 7 step 461
DEBUG: Episode 7 step 481
DEBUG: Episode 7 step 501
DEBUG: Episode 7 step 521
DEBUG: Episode 7 step 541
DEBUG: Episode 7 step 561
DEBUG: Episode 7 step 581
DEBUG: Episode 7 step 601
DEBUG: Episode 7 step 621
  Episode 7/20: 623 steps, reward: 190.0, time: 15.5s
DEBUG: Starting episode 8/20
DEBUG: Environment reset, obs shape: (210, 160, 3)
DEBUG: Frame stack reset, state shape: (12, 210, 160)
DEBUG: Hidden state reset
DEBUG: Episode 8 step 1
DEBUG: Episode 8 step 21
DEBUG: Episode 8 step 41
DEBUG: Episode 8 step 61
Updated target network at step 5000
DEBUG: Episode 8 step 81
DEBUG: Episode 8 step 101
DEBUG: Episode 8 step 121
DEBUG: Episode 8 step 141
DEBUG: Episode 8 step 161
DEBUG: Episode 8 step 181
DEBUG: Episode 8 step 201
DEBUG: Episode 8 step 221
DEBUG: Episode 8 step 241
DEBUG: Episode 8 step 261
DEBUG: Episode 8 step 281
DEBUG: Episode 8 step 301
DEBUG: Episode 8 step 321
DEBUG: Episode 8 step 341
DEBUG: Episode 8 step 361
DEBUG: Episode 8 step 381
DEBUG: Episode 8 step 401
DEBUG: Episode 8 step 421
DEBUG: Episode 8 step 441
DEBUG: Episode 8 step 461
DEBUG: Episode 8 step 481
DEBUG: Episode 8 step 501
DEBUG: Episode 8 step 521
DEBUG: Episode 8 step 541
DEBUG: Episode 8 step 561
Updated target network at step 5500
DEBUG: Episode 8 step 581
  Episode 8/20: 584 steps, reward: 220.0, time: 14.6s
DEBUG: Starting episode 9/20
DEBUG: Environment reset, obs shape: (210, 160, 3)
DEBUG: Frame stack reset, state shape: (12, 210, 160)
DEBUG: Hidden state reset
DEBUG: Episode 9 step 1
DEBUG: Episode 9 step 21
DEBUG: Episode 9 step 41
DEBUG: Episode 9 step 61
DEBUG: Episode 9 step 81
DEBUG: Episode 9 step 101
DEBUG: Episode 9 step 121
DEBUG: Episode 9 step 141
DEBUG: Episode 9 step 161
DEBUG: Episode 9 step 181
DEBUG: Episode 9 step 201
DEBUG: Episode 9 step 221
DEBUG: Episode 9 step 241
DEBUG: Episode 9 step 261
DEBUG: Episode 9 step 281
DEBUG: Episode 9 step 301
DEBUG: Episode 9 step 321
DEBUG: Episode 9 step 341
DEBUG: Episode 9 step 361
DEBUG: Episode 9 step 381
DEBUG: Episode 9 step 401
DEBUG: Episode 9 step 421
DEBUG: Episode 9 step 441
DEBUG: Episode 9 step 461
  Episode 9/20: 462 steps, reward: 180.0, time: 11.5s
DEBUG: Starting episode 10/20
DEBUG: Environment reset, obs shape: (210, 160, 3)
DEBUG: Frame stack reset, state shape: (12, 210, 160)
DEBUG: Hidden state reset
DEBUG: Episode 10 step 1
DEBUG: Episode 10 step 21
Updated target network at step 6000
DEBUG: Episode 10 step 41
DEBUG: Episode 10 step 61
DEBUG: Episode 10 step 81
DEBUG: Episode 10 step 101
DEBUG: Episode 10 step 121
DEBUG: Episode 10 step 141
DEBUG: Episode 10 step 161
DEBUG: Episode 10 step 181
DEBUG: Episode 10 step 201
DEBUG: Episode 10 step 221
DEBUG: Episode 10 step 241
DEBUG: Episode 10 step 261
DEBUG: Episode 10 step 281
DEBUG: Episode 10 step 301
DEBUG: Episode 10 step 321
DEBUG: Episode 10 step 341
DEBUG: Episode 10 step 361
DEBUG: Episode 10 step 381
DEBUG: Episode 10 step 401
DEBUG: Episode 10 step 421
DEBUG: Episode 10 step 441
DEBUG: Episode 10 step 461
DEBUG: Episode 10 step 481
DEBUG: Episode 10 step 501
DEBUG: Episode 10 step 521
Updated target network at step 6500
DEBUG: Episode 10 step 541
DEBUG: Episode 10 step 561
DEBUG: Episode 10 step 581
DEBUG: Episode 10 step 601
DEBUG: Episode 10 step 621
DEBUG: Episode 10 step 641
DEBUG: Episode 10 step 661
DEBUG: Episode 10 step 681
  Episode 10/20: 700 steps, reward: 230.0, time: 17.5s
DEBUG: Starting episode 11/20
DEBUG: Environment reset, obs shape: (210, 160, 3)
DEBUG: Frame stack reset, state shape: (12, 210, 160)
DEBUG: Hidden state reset
DEBUG: Episode 11 step 1
DEBUG: Episode 11 step 21
DEBUG: Episode 11 step 41
DEBUG: Episode 11 step 61
DEBUG: Episode 11 step 81
DEBUG: Episode 11 step 101
DEBUG: Episode 11 step 121
DEBUG: Episode 11 step 141
DEBUG: Episode 11 step 161
DEBUG: Episode 11 step 181
DEBUG: Episode 11 step 201
DEBUG: Episode 11 step 221
DEBUG: Episode 11 step 241
DEBUG: Episode 11 step 261
DEBUG: Episode 11 step 281
DEBUG: Episode 11 step 301
DEBUG: Episode 11 step 321
Updated target network at step 7000
DEBUG: Episode 11 step 341
DEBUG: Episode 11 step 361
DEBUG: Episode 11 step 381
DEBUG: Episode 11 step 401
DEBUG: Episode 11 step 421
DEBUG: Episode 11 step 441
DEBUG: Episode 11 step 461
DEBUG: Episode 11 step 481
DEBUG: Episode 11 step 501
DEBUG: Episode 11 step 521
  Episode 11/20: 521 steps, reward: 160.0, time: 13.1s
DEBUG: Starting episode 12/20
DEBUG: Environment reset, obs shape: (210, 160, 3)
DEBUG: Frame stack reset, state shape: (12, 210, 160)
DEBUG: Hidden state reset
DEBUG: Episode 12 step 1
DEBUG: Episode 12 step 21
DEBUG: Episode 12 step 41
DEBUG: Episode 12 step 61
DEBUG: Episode 12 step 81
DEBUG: Episode 12 step 101
DEBUG: Episode 12 step 121
DEBUG: Episode 12 step 141
DEBUG: Episode 12 step 161
DEBUG: Episode 12 step 181
DEBUG: Episode 12 step 201
DEBUG: Episode 12 step 221
DEBUG: Episode 12 step 241
DEBUG: Episode 12 step 261
DEBUG: Episode 12 step 281
DEBUG: Episode 12 step 301
Updated target network at step 7500
DEBUG: Episode 12 step 321
DEBUG: Episode 12 step 341
DEBUG: Episode 12 step 361
DEBUG: Episode 12 step 381
DEBUG: Episode 12 step 401
DEBUG: Episode 12 step 421
DEBUG: Episode 12 step 441
DEBUG: Episode 12 step 461
DEBUG: Episode 12 step 481
DEBUG: Episode 12 step 501
DEBUG: Episode 12 step 521
DEBUG: Episode 12 step 541
DEBUG: Episode 12 step 561
DEBUG: Episode 12 step 581
  Episode 12/20: 595 steps, reward: 290.0, time: 14.9s
DEBUG: Starting episode 13/20
DEBUG: Environment reset, obs shape: (210, 160, 3)
DEBUG: Frame stack reset, state shape: (12, 210, 160)
DEBUG: Hidden state reset
DEBUG: Episode 13 step 1
DEBUG: Episode 13 step 21
DEBUG: Episode 13 step 41
DEBUG: Episode 13 step 61
DEBUG: Episode 13 step 81
DEBUG: Episode 13 step 101
DEBUG: Episode 13 step 121
DEBUG: Episode 13 step 141
DEBUG: Episode 13 step 161
DEBUG: Episode 13 step 181
DEBUG: Episode 13 step 201
Updated target network at step 8000
DEBUG: Episode 13 step 221
DEBUG: Episode 13 step 241
DEBUG: Episode 13 step 261
DEBUG: Episode 13 step 281
DEBUG: Episode 13 step 301
DEBUG: Episode 13 step 321
DEBUG: Episode 13 step 341
DEBUG: Episode 13 step 361
DEBUG: Episode 13 step 381
DEBUG: Episode 13 step 401
DEBUG: Episode 13 step 421
DEBUG: Episode 13 step 441
DEBUG: Episode 13 step 461
DEBUG: Episode 13 step 481
DEBUG: Episode 13 step 501
DEBUG: Episode 13 step 521
DEBUG: Episode 13 step 541
DEBUG: Episode 13 step 561
DEBUG: Episode 13 step 581
DEBUG: Episode 13 step 601
DEBUG: Episode 13 step 621
DEBUG: Episode 13 step 641
DEBUG: Episode 13 step 661
DEBUG: Episode 13 step 681
DEBUG: Episode 13 step 701
Updated target network at step 8500
DEBUG: Episode 13 step 721
DEBUG: Episode 13 step 741
DEBUG: Episode 13 step 761
  Episode 13/20: 763 steps, reward: 240.0, time: 19.2s
DEBUG: Starting episode 14/20
DEBUG: Environment reset, obs shape: (210, 160, 3)
DEBUG: Frame stack reset, state shape: (12, 210, 160)
DEBUG: Hidden state reset
DEBUG: Episode 14 step 1
DEBUG: Episode 14 step 21
DEBUG: Episode 14 step 41
DEBUG: Episode 14 step 61
DEBUG: Episode 14 step 81
DEBUG: Episode 14 step 101
DEBUG: Episode 14 step 121
DEBUG: Episode 14 step 141
DEBUG: Episode 14 step 161
DEBUG: Episode 14 step 181
DEBUG: Episode 14 step 201
DEBUG: Episode 14 step 221
DEBUG: Episode 14 step 241
DEBUG: Episode 14 step 261
DEBUG: Episode 14 step 281
DEBUG: Episode 14 step 301
DEBUG: Episode 14 step 321
DEBUG: Episode 14 step 341
DEBUG: Episode 14 step 361
DEBUG: Episode 14 step 381
DEBUG: Episode 14 step 401
DEBUG: Episode 14 step 421
DEBUG: Episode 14 step 441
Updated target network at step 9000
DEBUG: Episode 14 step 461
DEBUG: Episode 14 step 481
DEBUG: Episode 14 step 501
DEBUG: Episode 14 step 521
DEBUG: Episode 14 step 541
DEBUG: Episode 14 step 561
DEBUG: Episode 14 step 581
DEBUG: Episode 14 step 601
  Episode 14/20: 620 steps, reward: 200.0, time: 15.6s
DEBUG: Starting episode 15/20
DEBUG: Environment reset, obs shape: (210, 160, 3)
DEBUG: Frame stack reset, state shape: (12, 210, 160)
DEBUG: Hidden state reset
DEBUG: Episode 15 step 1
DEBUG: Episode 15 step 21
DEBUG: Episode 15 step 41
DEBUG: Episode 15 step 61
DEBUG: Episode 15 step 81
DEBUG: Episode 15 step 101
DEBUG: Episode 15 step 121
DEBUG: Episode 15 step 141
DEBUG: Episode 15 step 161
DEBUG: Episode 15 step 181
DEBUG: Episode 15 step 201
DEBUG: Episode 15 step 221
DEBUG: Episode 15 step 241
DEBUG: Episode 15 step 261
DEBUG: Episode 15 step 281
DEBUG: Episode 15 step 301
DEBUG: Episode 15 step 321
Updated target network at step 9500
DEBUG: Episode 15 step 341
DEBUG: Episode 15 step 361
DEBUG: Episode 15 step 381
DEBUG: Episode 15 step 401
DEBUG: Episode 15 step 421
DEBUG: Episode 15 step 441
DEBUG: Episode 15 step 461
DEBUG: Episode 15 step 481
DEBUG: Episode 15 step 501
DEBUG: Episode 15 step 521
DEBUG: Episode 15 step 541
DEBUG: Episode 15 step 561
DEBUG: Episode 15 step 581
DEBUG: Episode 15 step 601
DEBUG: Episode 15 step 621
DEBUG: Episode 15 step 641
  Episode 15/20: 642 steps, reward: 210.0, time: 16.1s
DEBUG: Starting episode 16/20
DEBUG: Environment reset, obs shape: (210, 160, 3)
DEBUG: Frame stack reset, state shape: (12, 210, 160)
DEBUG: Hidden state reset
DEBUG: Episode 16 step 1
DEBUG: Episode 16 step 21
DEBUG: Episode 16 step 41
DEBUG: Episode 16 step 61
DEBUG: Episode 16 step 81
DEBUG: Episode 16 step 101
DEBUG: Episode 16 step 121
DEBUG: Episode 16 step 141
DEBUG: Episode 16 step 161
DEBUG: Episode 16 step 181
Updated target network at step 10000
DEBUG: Episode 16 step 201
DEBUG: Episode 16 step 221
DEBUG: Episode 16 step 241
DEBUG: Episode 16 step 261
DEBUG: Episode 16 step 281
DEBUG: Episode 16 step 301
DEBUG: Episode 16 step 321
DEBUG: Episode 16 step 341
DEBUG: Episode 16 step 361
DEBUG: Episode 16 step 381
DEBUG: Episode 16 step 401
DEBUG: Episode 16 step 421
DEBUG: Episode 16 step 441
DEBUG: Episode 16 step 461
DEBUG: Episode 16 step 481
DEBUG: Episode 16 step 501
DEBUG: Episode 16 step 521
DEBUG: Episode 16 step 541
DEBUG: Episode 16 step 561
DEBUG: Episode 16 step 581
DEBUG: Episode 16 step 601
DEBUG: Episode 16 step 621
DEBUG: Episode 16 step 641
DEBUG: Episode 16 step 661
DEBUG: Episode 16 step 681
Updated target network at step 10500
DEBUG: Episode 16 step 701
DEBUG: Episode 16 step 721
DEBUG: Episode 16 step 741
  Episode 16/20: 745 steps, reward: 280.0, time: 18.9s
DEBUG: Starting episode 17/20
DEBUG: Environment reset, obs shape: (210, 160, 3)
DEBUG: Frame stack reset, state shape: (12, 210, 160)
DEBUG: Hidden state reset
DEBUG: Episode 17 step 1
DEBUG: Episode 17 step 21
DEBUG: Episode 17 step 41
DEBUG: Episode 17 step 61
DEBUG: Episode 17 step 81
DEBUG: Episode 17 step 101
DEBUG: Episode 17 step 121
DEBUG: Episode 17 step 141
DEBUG: Episode 17 step 161
DEBUG: Episode 17 step 181
DEBUG: Episode 17 step 201
DEBUG: Episode 17 step 221
DEBUG: Episode 17 step 241
DEBUG: Episode 17 step 261
DEBUG: Episode 17 step 281
DEBUG: Episode 17 step 301
DEBUG: Episode 17 step 321
DEBUG: Episode 17 step 341
DEBUG: Episode 17 step 361
DEBUG: Episode 17 step 381
DEBUG: Episode 17 step 401
DEBUG: Episode 17 step 421
DEBUG: Episode 17 step 441
Updated target network at step 11000
DEBUG: Episode 17 step 461
DEBUG: Episode 17 step 481
DEBUG: Episode 17 step 501
DEBUG: Episode 17 step 521
DEBUG: Episode 17 step 541
DEBUG: Episode 17 step 561
DEBUG: Episode 17 step 581
DEBUG: Episode 17 step 601
  Episode 17/20: 608 steps, reward: 210.0, time: 15.3s
DEBUG: Starting episode 18/20
DEBUG: Environment reset, obs shape: (210, 160, 3)
DEBUG: Frame stack reset, state shape: (12, 210, 160)
DEBUG: Hidden state reset
DEBUG: Episode 18 step 1
DEBUG: Episode 18 step 21
DEBUG: Episode 18 step 41
DEBUG: Episode 18 step 61
DEBUG: Episode 18 step 81
DEBUG: Episode 18 step 101
DEBUG: Episode 18 step 121
DEBUG: Episode 18 step 141
DEBUG: Episode 18 step 161
DEBUG: Episode 18 step 181
DEBUG: Episode 18 step 201
DEBUG: Episode 18 step 221
DEBUG: Episode 18 step 241
DEBUG: Episode 18 step 261
DEBUG: Episode 18 step 281
DEBUG: Episode 18 step 301
DEBUG: Episode 18 step 321
Updated target network at step 11500
DEBUG: Episode 18 step 341
DEBUG: Episode 18 step 361
DEBUG: Episode 18 step 381
DEBUG: Episode 18 step 401
DEBUG: Episode 18 step 421
DEBUG: Episode 18 step 441
DEBUG: Episode 18 step 461
DEBUG: Episode 18 step 481
DEBUG: Episode 18 step 501
DEBUG: Episode 18 step 521
DEBUG: Episode 18 step 541
DEBUG: Episode 18 step 561
DEBUG: Episode 18 step 581
  Episode 18/20: 591 steps, reward: 300.0, time: 14.8s
DEBUG: Starting episode 19/20
DEBUG: Environment reset, obs shape: (210, 160, 3)
DEBUG: Frame stack reset, state shape: (12, 210, 160)
DEBUG: Hidden state reset
DEBUG: Episode 19 step 1
DEBUG: Episode 19 step 21
DEBUG: Episode 19 step 41
DEBUG: Episode 19 step 61
DEBUG: Episode 19 step 81
DEBUG: Episode 19 step 101
DEBUG: Episode 19 step 121
DEBUG: Episode 19 step 141
DEBUG: Episode 19 step 161
DEBUG: Episode 19 step 181
DEBUG: Episode 19 step 201
DEBUG: Episode 19 step 221
DEBUG: Episode 19 step 241
Updated target network at step 12000
DEBUG: Episode 19 step 261
DEBUG: Episode 19 step 281
DEBUG: Episode 19 step 301
DEBUG: Episode 19 step 321
DEBUG: Episode 19 step 341
DEBUG: Episode 19 step 361
DEBUG: Episode 19 step 381
DEBUG: Episode 19 step 401
DEBUG: Episode 19 step 421
DEBUG: Episode 19 step 441
DEBUG: Episode 19 step 461
DEBUG: Episode 19 step 481
DEBUG: Episode 19 step 501
  Episode 19/20: 519 steps, reward: 230.0, time: 13.2s
DEBUG: Starting episode 20/20
DEBUG: Environment reset, obs shape: (210, 160, 3)
DEBUG: Frame stack reset, state shape: (12, 210, 160)
DEBUG: Hidden state reset
DEBUG: Episode 20 step 1
DEBUG: Episode 20 step 21
DEBUG: Episode 20 step 41
DEBUG: Episode 20 step 61
DEBUG: Episode 20 step 81
DEBUG: Episode 20 step 101
DEBUG: Episode 20 step 121
DEBUG: Episode 20 step 141
DEBUG: Episode 20 step 161
DEBUG: Episode 20 step 181
DEBUG: Episode 20 step 201
DEBUG: Episode 20 step 221
Updated target network at step 12500
DEBUG: Episode 20 step 241
DEBUG: Episode 20 step 261
DEBUG: Episode 20 step 281
DEBUG: Episode 20 step 301
DEBUG: Episode 20 step 321
DEBUG: Episode 20 step 341
DEBUG: Episode 20 step 361
DEBUG: Episode 20 step 381
DEBUG: Episode 20 step 401
DEBUG: Episode 20 step 421
DEBUG: Episode 20 step 441
DEBUG: Episode 20 step 461
DEBUG: Episode 20 step 481
DEBUG: Episode 20 step 501
DEBUG: Episode 20 step 521
DEBUG: Episode 20 step 541
DEBUG: Episode 20 step 561
DEBUG: Episode 20 step 581
DEBUG: Episode 20 step 601
  Episode 20/20: 614 steps, reward: 200.0, time: 15.6s
✓ DQN + Priority completed in 313.4s
  Episodes: 20
  Average reward: 217.50
  Final 10 episodes: 232.00
  Best episode: 300.00

==================================================
Running R2D2
==================================================
DEBUG: Starting algorithm R2D2
DEBUG: Creating DQNAgent with config...
Using device: cuda
Using R2D2 Network (LSTM size: 256)
Using R2D2 Sequence Buffer (seq_len: 40)
DEBUG: DQNAgent created successfully
DEBUG: Agent device: cuda
DEBUG: Buffer type: SequenceReplayBuffer
Starting R2D2 training...
DEBUG: Starting episode 1/20
DEBUG: Environment reset, obs shape: (210, 160, 3)
DEBUG: Frame stack reset, state shape: (12, 210, 160)
DEBUG: Hidden state reset
DEBUG: Episode 1 step 1
DEBUG: Episode 1 step 21
DEBUG: Episode 1 step 41
DEBUG: Episode 1 step 61
DEBUG: Episode 1 step 81
    Step 100: buffer=4 sequences, no training
DEBUG: Episode 1 step 101
DEBUG: Episode 1 step 121
DEBUG: Episode 1 step 141
DEBUG: Episode 1 step 161
DEBUG: Episode 1 step 181
    Step 200: buffer=9 sequences, no training
DEBUG: Episode 1 step 201
DEBUG: Episode 1 step 221
DEBUG: Episode 1 step 241
DEBUG: Episode 1 step 261
DEBUG: Episode 1 step 281
    Step 300: buffer=14 sequences, no training
DEBUG: Episode 1 step 301
DEBUG: Episode 1 step 321
DEBUG: Episode 1 step 341
DEBUG: Episode 1 step 361
DEBUG: Episode 1 step 381
    Step 400: buffer=19 sequences, no training
DEBUG: Episode 1 step 401
DEBUG: Episode 1 step 421
DEBUG: Episode 1 step 441
DEBUG: Episode 1 step 461
DEBUG: Episode 1 step 481
    Step 500: buffer=24 sequences, no training
Updated target network at step 500
DEBUG: Episode 1 step 501
DEBUG: Episode 1 step 521
DEBUG: Episode 1 step 541
DEBUG: Episode 1 step 561
DEBUG: Episode 1 step 581
    Step 600: buffer=29 sequences, no training
DEBUG: Episode 1 step 601
DEBUG: Episode 1 step 621
  Episode 1/20: 630 steps, reward: 140.0, time: 0.9s, buffer: 30 sequences
DEBUG: Starting episode 2/20
DEBUG: Environment reset, obs shape: (210, 160, 3)
DEBUG: Frame stack reset, state shape: (12, 210, 160)
DEBUG: Hidden state reset
DEBUG: Episode 2 step 1
DEBUG: Episode 2 step 21
DEBUG: Episode 2 step 41
DEBUG: Episode 2 step 61
DEBUG: Episode 2 step 81
DEBUG: Episode 2 step 101
DEBUG: Episode 2 step 121
DEBUG: Episode 2 step 141
DEBUG: Episode 2 step 161
DEBUG: Episode 2 step 181
DEBUG: Episode 2 step 201
DEBUG: Episode 2 step 221
DEBUG: Episode 2 step 241
DEBUG: Episode 2 step 261
DEBUG: Episode 2 step 281
DEBUG: Episode 2 step 301
DEBUG: Episode 2 step 321
DEBUG: Episode 2 step 341
DEBUG: Episode 2 step 361
Updated target network at step 1000
DEBUG: Episode 2 step 381
DEBUG: Episode 2 step 401
DEBUG: Episode 2 step 421
DEBUG: Episode 2 step 441
DEBUG: Episode 2 step 461
DEBUG: Episode 2 step 481
DEBUG: Episode 2 step 501
DEBUG: Episode 2 step 521
DEBUG: Episode 2 step 541
DEBUG: Episode 2 step 561
  Episode 2/20: 577 steps, reward: 160.0, time: 0.9s, buffer: 57 sequences
DEBUG: Starting episode 3/20
DEBUG: Environment reset, obs shape: (210, 160, 3)
DEBUG: Frame stack reset, state shape: (12, 210, 160)
DEBUG: Hidden state reset
DEBUG: Episode 3 step 1
DEBUG: Episode 3 step 21
DEBUG: Episode 3 step 41
DEBUG: Episode 3 step 61
DEBUG: Episode 3 step 81
DEBUG: Episode 3 step 101
DEBUG: Episode 3 step 121
DEBUG: Episode 3 step 141
DEBUG: Episode 3 step 161
DEBUG: Episode 3 step 181
DEBUG: Episode 3 step 201
DEBUG: Episode 3 step 221
DEBUG: Episode 3 step 241
DEBUG: Episode 3 step 261
DEBUG: Episode 3 step 281
Updated target network at step 1500
DEBUG: Episode 3 step 301
DEBUG: Episode 3 step 321
DEBUG: Episode 3 step 341
DEBUG: Episode 3 step 361
DEBUG: Episode 3 step 381
DEBUG: Episode 3 step 401
DEBUG: Episode 3 step 421
DEBUG: Episode 3 step 441
DEBUG: Episode 3 step 461
DEBUG: Episode 3 step 481
DEBUG: Episode 3 step 501
DEBUG: Episode 3 step 521
DEBUG: Episode 3 step 541
DEBUG: Episode 3 step 561
DEBUG: Episode 3 step 581
DEBUG: Episode 3 step 601
  Episode 3/20: 612 steps, reward: 130.0, time: 1.0s, buffer: 86 sequences
DEBUG: Starting episode 4/20
DEBUG: Environment reset, obs shape: (210, 160, 3)
DEBUG: Frame stack reset, state shape: (12, 210, 160)
DEBUG: Hidden state reset
DEBUG: Episode 4 step 1
DEBUG: Episode 4 step 21
DEBUG: Episode 4 step 41
DEBUG: Episode 4 step 61
DEBUG: Episode 4 step 81
DEBUG: Episode 4 step 101
DEBUG: Episode 4 step 121
DEBUG: Episode 4 step 141
DEBUG: Episode 4 step 161
DEBUG: Episode 4 step 181
Updated target network at step 2000
DEBUG: Episode 4 step 201
DEBUG: Episode 4 step 221
DEBUG: Episode 4 step 241
DEBUG: Episode 4 step 261
DEBUG: Episode 4 step 281
DEBUG: Episode 4 step 301
DEBUG: Episode 4 step 321
DEBUG: Episode 4 step 341
DEBUG: Episode 4 step 361
DEBUG: Episode 4 step 381
DEBUG: Episode 4 step 401
DEBUG: Episode 4 step 421
DEBUG: Episode 4 step 441
DEBUG: Episode 4 step 461
DEBUG: Episode 4 step 481
DEBUG: Episode 4 step 501
DEBUG: Episode 4 step 521
DEBUG: Episode 4 step 541
DEBUG: Episode 4 step 561
DEBUG: Episode 4 step 581
DEBUG: Episode 4 step 601
DEBUG: Episode 4 step 621
DEBUG: Episode 4 step 641
DEBUG: Episode 4 step 661
DEBUG: Episode 4 step 681
Updated target network at step 2500
DEBUG: Episode 4 step 701
DEBUG: Episode 4 step 721
DEBUG: Episode 4 step 741
DEBUG: Episode 4 step 761
DEBUG: Episode 4 step 781
DEBUG: Episode 4 step 801
DEBUG: Episode 4 step 821
DEBUG: Episode 4 step 841
DEBUG: Episode 4 step 861
DEBUG: Episode 4 step 881
DEBUG: Episode 4 step 901
DEBUG: Episode 4 step 921
  Episode 4/20: 932 steps, reward: 330.0, time: 704.0s, buffer: 131 sequences
DEBUG: Starting episode 5/20
DEBUG: Environment reset, obs shape: (210, 160, 3)
DEBUG: Frame stack reset, state shape: (12, 210, 160)
DEBUG: Hidden state reset
DEBUG: Episode 5 step 1
DEBUG: Episode 5 step 21
DEBUG: Episode 5 step 41
DEBUG: Episode 5 step 61
DEBUG: Episode 5 step 81
DEBUG: Episode 5 step 101
DEBUG: Episode 5 step 121
DEBUG: Episode 5 step 141
DEBUG: Episode 5 step 161
DEBUG: Episode 5 step 181
DEBUG: Episode 5 step 201
DEBUG: Episode 5 step 221
DEBUG: Episode 5 step 241
Updated target network at step 3000
DEBUG: Episode 5 step 261
DEBUG: Episode 5 step 281
DEBUG: Episode 5 step 301
DEBUG: Episode 5 step 321
DEBUG: Episode 5 step 341
DEBUG: Episode 5 step 361
DEBUG: Episode 5 step 381
DEBUG: Episode 5 step 401
DEBUG: Episode 5 step 421
DEBUG: Episode 5 step 441
DEBUG: Episode 5 step 461
DEBUG: Episode 5 step 481
DEBUG: Episode 5 step 501
DEBUG: Episode 5 step 521
DEBUG: Episode 5 step 541
DEBUG: Episode 5 step 561
DEBUG: Episode 5 step 581
DEBUG: Episode 5 step 601
DEBUG: Episode 5 step 621
DEBUG: Episode 5 step 641
  Episode 5/20: 644 steps, reward: 230.0, time: 769.0s, buffer: 162 sequences
DEBUG: Starting episode 6/20
DEBUG: Environment reset, obs shape: (210, 160, 3)
DEBUG: Frame stack reset, state shape: (12, 210, 160)
DEBUG: Hidden state reset
DEBUG: Episode 6 step 1
DEBUG: Episode 6 step 21
DEBUG: Episode 6 step 41
DEBUG: Episode 6 step 61
DEBUG: Episode 6 step 81
DEBUG: Episode 6 step 101
Updated target network at step 3500
DEBUG: Episode 6 step 121
DEBUG: Episode 6 step 141
DEBUG: Episode 6 step 161
DEBUG: Episode 6 step 181
DEBUG: Episode 6 step 201
DEBUG: Episode 6 step 221
DEBUG: Episode 6 step 241
DEBUG: Episode 6 step 261
DEBUG: Episode 6 step 281
DEBUG: Episode 6 step 301
DEBUG: Episode 6 step 321
DEBUG: Episode 6 step 341
DEBUG: Episode 6 step 361
DEBUG: Episode 6 step 381
DEBUG: Episode 6 step 401
DEBUG: Episode 6 step 421
DEBUG: Episode 6 step 441
DEBUG: Episode 6 step 461
DEBUG: Episode 6 step 481
DEBUG: Episode 6 step 501
DEBUG: Episode 6 step 521
DEBUG: Episode 6 step 541
DEBUG: Episode 6 step 561
DEBUG: Episode 6 step 581
DEBUG: Episode 6 step 601
Updated target network at step 4000
DEBUG: Episode 6 step 621
DEBUG: Episode 6 step 641
DEBUG: Episode 6 step 661
DEBUG: Episode 6 step 681
DEBUG: Episode 6 step 701
DEBUG: Episode 6 step 721
DEBUG: Episode 6 step 741
DEBUG: Episode 6 step 761
DEBUG: Episode 6 step 781
DEBUG: Episode 6 step 801
DEBUG: Episode 6 step 821
DEBUG: Episode 6 step 841
DEBUG: Episode 6 step 861
DEBUG: Episode 6 step 881
DEBUG: Episode 6 step 901
DEBUG: Episode 6 step 921
DEBUG: Episode 6 step 941
DEBUG: Episode 6 step 961
DEBUG: Episode 6 step 981
DEBUG: Episode 6 step 1001
DEBUG: Episode 6 step 1021
  Episode 6/20: 1023 steps, reward: 390.0, time: 1358.0s, buffer: 212 sequences
DEBUG: Starting episode 7/20
DEBUG: Environment reset, obs shape: (210, 160, 3)
DEBUG: Frame stack reset, state shape: (12, 210, 160)
DEBUG: Hidden state reset
DEBUG: Episode 7 step 1
DEBUG: Episode 7 step 21
DEBUG: Episode 7 step 41
DEBUG: Episode 7 step 61
DEBUG: Episode 7 step 81
Updated target network at step 4500
DEBUG: Episode 7 step 101
DEBUG: Episode 7 step 121
DEBUG: Episode 7 step 141
DEBUG: Episode 7 step 161
DEBUG: Episode 7 step 181
DEBUG: Episode 7 step 201
DEBUG: Episode 7 step 221
DEBUG: Episode 7 step 241
DEBUG: Episode 7 step 261
DEBUG: Episode 7 step 281
DEBUG: Episode 7 step 301
DEBUG: Episode 7 step 321
DEBUG: Episode 7 step 341
DEBUG: Episode 7 step 361
DEBUG: Episode 7 step 381
DEBUG: Episode 7 step 401
DEBUG: Episode 7 step 421
DEBUG: Episode 7 step 441
DEBUG: Episode 7 step 461
DEBUG: Episode 7 step 481
DEBUG: Episode 7 step 501
DEBUG: Episode 7 step 521
DEBUG: Episode 7 step 541
  Episode 7/20: 542 steps, reward: 270.0, time: 724.2s, buffer: 238 sequences
DEBUG: Starting episode 8/20
DEBUG: Environment reset, obs shape: (210, 160, 3)
DEBUG: Frame stack reset, state shape: (12, 210, 160)
DEBUG: Hidden state reset
DEBUG: Episode 8 step 1
DEBUG: Episode 8 step 21
Updated target network at step 5000
DEBUG: Episode 8 step 41
DEBUG: Episode 8 step 61
DEBUG: Episode 8 step 81
    Step 100: buffer=242 sequences, training
DEBUG: Episode 8 step 101
DEBUG: Episode 8 step 121
DEBUG: Episode 8 step 141
DEBUG: Episode 8 step 161
DEBUG: Episode 8 step 181
    Step 200: buffer=247 sequences, training
DEBUG: Episode 8 step 201
DEBUG: Episode 8 step 221
DEBUG: Episode 8 step 241
DEBUG: Episode 8 step 261
DEBUG: Episode 8 step 281
    Step 300: buffer=252 sequences, training
DEBUG: Episode 8 step 301
DEBUG: Episode 8 step 321
DEBUG: Episode 8 step 341
DEBUG: Episode 8 step 361
DEBUG: Episode 8 step 381
    Step 400: buffer=257 sequences, training
DEBUG: Episode 8 step 401
DEBUG: Episode 8 step 421
DEBUG: Episode 8 step 441
DEBUG: Episode 8 step 461
DEBUG: Episode 8 step 481
    Step 500: buffer=262 sequences, training
DEBUG: Episode 8 step 501
DEBUG: Episode 8 step 521
Updated target network at step 5500
DEBUG: Episode 8 step 541
DEBUG: Episode 8 step 561
DEBUG: Episode 8 step 581
    Step 600: buffer=267 sequences, training
DEBUG: Episode 8 step 601
DEBUG: Episode 8 step 621
DEBUG: Episode 8 step 641
DEBUG: Episode 8 step 661
DEBUG: Episode 8 step 681
    Step 700: buffer=272 sequences, training
DEBUG: Episode 8 step 701
DEBUG: Episode 8 step 721
DEBUG: Episode 8 step 741
DEBUG: Episode 8 step 761
DEBUG: Episode 8 step 781
    Step 800: buffer=277 sequences, training
DEBUG: Episode 8 step 801
DEBUG: Episode 8 step 821
DEBUG: Episode 8 step 841
DEBUG: Episode 8 step 861
DEBUG: Episode 8 step 881
    Step 900: buffer=282 sequences, training
DEBUG: Episode 8 step 901
DEBUG: Episode 8 step 921
DEBUG: Episode 8 step 941
  Episode 8/20: 942 steps, reward: 320.0, time: 1248.5s, buffer: 284 sequences
DEBUG: Starting episode 9/20
DEBUG: Environment reset, obs shape: (210, 160, 3)
DEBUG: Frame stack reset, state shape: (12, 210, 160)
DEBUG: Hidden state reset
DEBUG: Episode 9 step 1
DEBUG: Episode 9 step 21
DEBUG: Episode 9 step 41
DEBUG: Episode 9 step 61
DEBUG: Episode 9 step 81
Updated target network at step 6000
DEBUG: Episode 9 step 101
DEBUG: Episode 9 step 121
DEBUG: Episode 9 step 141
DEBUG: Episode 9 step 161
DEBUG: Episode 9 step 181
DEBUG: Episode 9 step 201
DEBUG: Episode 9 step 221
DEBUG: Episode 9 step 241
DEBUG: Episode 9 step 261
DEBUG: Episode 9 step 281
DEBUG: Episode 9 step 301
DEBUG: Episode 9 step 321
DEBUG: Episode 9 step 341
DEBUG: Episode 9 step 361
DEBUG: Episode 9 step 381
DEBUG: Episode 9 step 401
DEBUG: Episode 9 step 421
DEBUG: Episode 9 step 441
DEBUG: Episode 9 step 461
DEBUG: Episode 9 step 481
DEBUG: Episode 9 step 501
DEBUG: Episode 9 step 521
DEBUG: Episode 9 step 541
DEBUG: Episode 9 step 561
DEBUG: Episode 9 step 581
  Episode 9/20: 585 steps, reward: 150.0, time: 777.7s, buffer: 312 sequences
DEBUG: Starting episode 10/20
DEBUG: Environment reset, obs shape: (210, 160, 3)
DEBUG: Frame stack reset, state shape: (12, 210, 160)
DEBUG: Hidden state reset
DEBUG: Episode 10 step 1
Updated target network at step 6500
DEBUG: Episode 10 step 21
DEBUG: Episode 10 step 41
DEBUG: Episode 10 step 61
DEBUG: Episode 10 step 81
DEBUG: Episode 10 step 101
DEBUG: Episode 10 step 121
DEBUG: Episode 10 step 141
DEBUG: Episode 10 step 161
DEBUG: Episode 10 step 181
DEBUG: Episode 10 step 201
DEBUG: Episode 10 step 221
DEBUG: Episode 10 step 241
DEBUG: Episode 10 step 261
DEBUG: Episode 10 step 281
DEBUG: Episode 10 step 301
DEBUG: Episode 10 step 321
DEBUG: Episode 10 step 341
DEBUG: Episode 10 step 361
DEBUG: Episode 10 step 381
DEBUG: Episode 10 step 401
DEBUG: Episode 10 step 421
DEBUG: Episode 10 step 441
DEBUG: Episode 10 step 461
DEBUG: Episode 10 step 481
DEBUG: Episode 10 step 501
Updated target network at step 7000
DEBUG: Episode 10 step 521
DEBUG: Episode 10 step 541
DEBUG: Episode 10 step 561
DEBUG: Episode 10 step 581
DEBUG: Episode 10 step 601
DEBUG: Episode 10 step 621
DEBUG: Episode 10 step 641
DEBUG: Episode 10 step 661
DEBUG: Episode 10 step 681
DEBUG: Episode 10 step 701
DEBUG: Episode 10 step 721
DEBUG: Episode 10 step 741
DEBUG: Episode 10 step 761
DEBUG: Episode 10 step 781
DEBUG: Episode 10 step 801
DEBUG: Episode 10 step 821
DEBUG: Episode 10 step 841
DEBUG: Episode 10 step 861
DEBUG: Episode 10 step 881
  Episode 10/20: 888 steps, reward: 350.0, time: 1182.4s, buffer: 355 sequences
DEBUG: Starting episode 11/20
DEBUG: Environment reset, obs shape: (210, 160, 3)
DEBUG: Frame stack reset, state shape: (12, 210, 160)
DEBUG: Hidden state reset
DEBUG: Episode 11 step 1
DEBUG: Episode 11 step 21
DEBUG: Episode 11 step 41
DEBUG: Episode 11 step 61
DEBUG: Episode 11 step 81
DEBUG: Episode 11 step 101
DEBUG: Episode 11 step 121
Updated target network at step 7500
DEBUG: Episode 11 step 141
DEBUG: Episode 11 step 161
DEBUG: Episode 11 step 181
DEBUG: Episode 11 step 201
DEBUG: Episode 11 step 221
DEBUG: Episode 11 step 241
DEBUG: Episode 11 step 261
DEBUG: Episode 11 step 281
DEBUG: Episode 11 step 301
DEBUG: Episode 11 step 321
DEBUG: Episode 11 step 341
DEBUG: Episode 11 step 361
DEBUG: Episode 11 step 381
DEBUG: Episode 11 step 401
DEBUG: Episode 11 step 421
DEBUG: Episode 11 step 441
DEBUG: Episode 11 step 461
DEBUG: Episode 11 step 481
  Episode 11/20: 489 steps, reward: 180.0, time: 654.7s, buffer: 378 sequences
DEBUG: Starting episode 12/20
DEBUG: Environment reset, obs shape: (210, 160, 3)
DEBUG: Frame stack reset, state shape: (12, 210, 160)
DEBUG: Hidden state reset
DEBUG: Episode 12 step 1
DEBUG: Episode 12 step 21
DEBUG: Episode 12 step 41
DEBUG: Episode 12 step 61
DEBUG: Episode 12 step 81
    Step 100: buffer=382 sequences, training
DEBUG: Episode 12 step 101
DEBUG: Episode 12 step 121
Updated target network at step 8000
DEBUG: Episode 12 step 141
DEBUG: Episode 12 step 161
DEBUG: Episode 12 step 181
    Step 200: buffer=387 sequences, training
DEBUG: Episode 12 step 201
DEBUG: Episode 12 step 221
DEBUG: Episode 12 step 241
DEBUG: Episode 12 step 261
DEBUG: Episode 12 step 281
    Step 300: buffer=392 sequences, training
DEBUG: Episode 12 step 301
DEBUG: Episode 12 step 321
DEBUG: Episode 12 step 341
DEBUG: Episode 12 step 361
DEBUG: Episode 12 step 381
    Step 400: buffer=397 sequences, training
DEBUG: Episode 12 step 401
DEBUG: Episode 12 step 421
DEBUG: Episode 12 step 441
DEBUG: Episode 12 step 461
DEBUG: Episode 12 step 481
    Step 500: buffer=402 sequences, training
DEBUG: Episode 12 step 501
DEBUG: Episode 12 step 521
DEBUG: Episode 12 step 541
DEBUG: Episode 12 step 561
  Episode 12/20: 578 steps, reward: 120.0, time: 771.6s, buffer: 405 sequences
DEBUG: Starting episode 13/20
DEBUG: Environment reset, obs shape: (210, 160, 3)
DEBUG: Frame stack reset, state shape: (12, 210, 160)
DEBUG: Hidden state reset
DEBUG: Episode 13 step 1
DEBUG: Episode 13 step 21
DEBUG: Episode 13 step 41
Updated target network at step 8500
DEBUG: Episode 13 step 61
DEBUG: Episode 13 step 81
DEBUG: Episode 13 step 101
DEBUG: Episode 13 step 121
DEBUG: Episode 13 step 141
DEBUG: Episode 13 step 161
DEBUG: Episode 13 step 181
DEBUG: Episode 13 step 201
DEBUG: Episode 13 step 221
DEBUG: Episode 13 step 241
DEBUG: Episode 13 step 261
DEBUG: Episode 13 step 281
DEBUG: Episode 13 step 301
DEBUG: Episode 13 step 321
DEBUG: Episode 13 step 341
DEBUG: Episode 13 step 361
DEBUG: Episode 13 step 381
DEBUG: Episode 13 step 401
DEBUG: Episode 13 step 421
DEBUG: Episode 13 step 441
DEBUG: Episode 13 step 461
DEBUG: Episode 13 step 481
DEBUG: Episode 13 step 501
DEBUG: Episode 13 step 521
DEBUG: Episode 13 step 541
Updated target network at step 9000
DEBUG: Episode 13 step 561
DEBUG: Episode 13 step 581
DEBUG: Episode 13 step 601
  Episode 13/20: 602 steps, reward: 190.0, time: 803.8s, buffer: 434 sequences
DEBUG: Starting episode 14/20
DEBUG: Environment reset, obs shape: (210, 160, 3)
DEBUG: Frame stack reset, state shape: (12, 210, 160)
DEBUG: Hidden state reset
DEBUG: Episode 14 step 1
DEBUG: Episode 14 step 21
DEBUG: Episode 14 step 41
DEBUG: Episode 14 step 61
DEBUG: Episode 14 step 81
    Step 100: buffer=438 sequences, training
DEBUG: Episode 14 step 101
DEBUG: Episode 14 step 121
DEBUG: Episode 14 step 141
DEBUG: Episode 14 step 161
DEBUG: Episode 14 step 181
    Step 200: buffer=443 sequences, training
DEBUG: Episode 14 step 201
DEBUG: Episode 14 step 221
DEBUG: Episode 14 step 241
DEBUG: Episode 14 step 261
DEBUG: Episode 14 step 281
    Step 300: buffer=448 sequences, training
DEBUG: Episode 14 step 301
DEBUG: Episode 14 step 321
DEBUG: Episode 14 step 341
DEBUG: Episode 14 step 361
DEBUG: Episode 14 step 381
    Step 400: buffer=453 sequences, training
DEBUG: Episode 14 step 401
DEBUG: Episode 14 step 421
DEBUG: Episode 14 step 441
Updated target network at step 9500
DEBUG: Episode 14 step 461
DEBUG: Episode 14 step 481
    Step 500: buffer=458 sequences, training
DEBUG: Episode 14 step 501
DEBUG: Episode 14 step 521
DEBUG: Episode 14 step 541
DEBUG: Episode 14 step 561
DEBUG: Episode 14 step 581
    Step 600: buffer=463 sequences, training
DEBUG: Episode 14 step 601
DEBUG: Episode 14 step 621
  Episode 14/20: 630 steps, reward: 380.0, time: 836.3s, buffer: 464 sequences
DEBUG: Starting episode 15/20
DEBUG: Environment reset, obs shape: (210, 160, 3)
DEBUG: Frame stack reset, state shape: (12, 210, 160)
DEBUG: Hidden state reset
DEBUG: Episode 15 step 1
DEBUG: Episode 15 step 21
DEBUG: Episode 15 step 41
DEBUG: Episode 15 step 61
DEBUG: Episode 15 step 81
DEBUG: Episode 15 step 101
DEBUG: Episode 15 step 121
DEBUG: Episode 15 step 141
DEBUG: Episode 15 step 161
DEBUG: Episode 15 step 181
DEBUG: Episode 15 step 201
DEBUG: Episode 15 step 221
DEBUG: Episode 15 step 241
DEBUG: Episode 15 step 261
DEBUG: Episode 15 step 281
DEBUG: Episode 15 step 301
DEBUG: Episode 15 step 321
Updated target network at step 10000
DEBUG: Episode 15 step 341
DEBUG: Episode 15 step 361
DEBUG: Episode 15 step 381
DEBUG: Episode 15 step 401
DEBUG: Episode 15 step 421
DEBUG: Episode 15 step 441
DEBUG: Episode 15 step 461
DEBUG: Episode 15 step 481
DEBUG: Episode 15 step 501
DEBUG: Episode 15 step 521
DEBUG: Episode 15 step 541
DEBUG: Episode 15 step 561
DEBUG: Episode 15 step 581
DEBUG: Episode 15 step 601
DEBUG: Episode 15 step 621
DEBUG: Episode 15 step 641
DEBUG: Episode 15 step 661
DEBUG: Episode 15 step 681
  Episode 15/20: 685 steps, reward: 340.0, time: 913.7s, buffer: 497 sequences
DEBUG: Starting episode 16/20
DEBUG: Environment reset, obs shape: (210, 160, 3)
DEBUG: Frame stack reset, state shape: (12, 210, 160)
DEBUG: Hidden state reset
DEBUG: Episode 16 step 1
DEBUG: Episode 16 step 21
DEBUG: Episode 16 step 41
DEBUG: Episode 16 step 61
DEBUG: Episode 16 step 81
DEBUG: Episode 16 step 101
DEBUG: Episode 16 step 121
DEBUG: Episode 16 step 141
Updated target network at step 10500
DEBUG: Episode 16 step 161
DEBUG: Episode 16 step 181
DEBUG: Episode 16 step 201
DEBUG: Episode 16 step 221
DEBUG: Episode 16 step 241
DEBUG: Episode 16 step 261
DEBUG: Episode 16 step 281
DEBUG: Episode 16 step 301
DEBUG: Episode 16 step 321
DEBUG: Episode 16 step 341
DEBUG: Episode 16 step 361
DEBUG: Episode 16 step 381
DEBUG: Episode 16 step 401
DEBUG: Episode 16 step 421
DEBUG: Episode 16 step 441
DEBUG: Episode 16 step 461
DEBUG: Episode 16 step 481
DEBUG: Episode 16 step 501
DEBUG: Episode 16 step 521
DEBUG: Episode 16 step 541
DEBUG: Episode 16 step 561
DEBUG: Episode 16 step 581
DEBUG: Episode 16 step 601
DEBUG: Episode 16 step 621
  Episode 16/20: 638 steps, reward: 350.0, time: 854.9s, buffer: 527 sequences
DEBUG: Starting episode 17/20
DEBUG: Environment reset, obs shape: (210, 160, 3)
DEBUG: Frame stack reset, state shape: (12, 210, 160)
DEBUG: Hidden state reset
DEBUG: Episode 17 step 1
Updated target network at step 11000
DEBUG: Episode 17 step 21
DEBUG: Episode 17 step 41
DEBUG: Episode 17 step 61
DEBUG: Episode 17 step 81
DEBUG: Episode 17 step 101
DEBUG: Episode 17 step 121
DEBUG: Episode 17 step 141
DEBUG: Episode 17 step 161
DEBUG: Episode 17 step 181
DEBUG: Episode 17 step 201
DEBUG: Episode 17 step 221
DEBUG: Episode 17 step 241
DEBUG: Episode 17 step 261
DEBUG: Episode 17 step 281
DEBUG: Episode 17 step 301
DEBUG: Episode 17 step 321
DEBUG: Episode 17 step 341
DEBUG: Episode 17 step 361
DEBUG: Episode 17 step 381
DEBUG: Episode 17 step 401
DEBUG: Episode 17 step 421
DEBUG: Episode 17 step 441
DEBUG: Episode 17 step 461
DEBUG: Episode 17 step 481
DEBUG: Episode 17 step 501
Updated target network at step 11500
DEBUG: Episode 17 step 521
DEBUG: Episode 17 step 541
DEBUG: Episode 17 step 561
DEBUG: Episode 17 step 581
  Episode 17/20: 581 steps, reward: 180.0, time: 769.8s, buffer: 555 sequences
DEBUG: Starting episode 18/20
DEBUG: Environment reset, obs shape: (210, 160, 3)
DEBUG: Frame stack reset, state shape: (12, 210, 160)
DEBUG: Hidden state reset
DEBUG: Episode 18 step 1
DEBUG: Episode 18 step 21
DEBUG: Episode 18 step 41
DEBUG: Episode 18 step 61
DEBUG: Episode 18 step 81
DEBUG: Episode 18 step 101
DEBUG: Episode 18 step 121
DEBUG: Episode 18 step 141
DEBUG: Episode 18 step 161
DEBUG: Episode 18 step 181
DEBUG: Episode 18 step 201
DEBUG: Episode 18 step 221
DEBUG: Episode 18 step 241
DEBUG: Episode 18 step 261
DEBUG: Episode 18 step 281
DEBUG: Episode 18 step 301
DEBUG: Episode 18 step 321
DEBUG: Episode 18 step 341
DEBUG: Episode 18 step 361
DEBUG: Episode 18 step 381
DEBUG: Episode 18 step 401
DEBUG: Episode 18 step 421
Updated target network at step 12000
DEBUG: Episode 18 step 441
DEBUG: Episode 18 step 461
DEBUG: Episode 18 step 481
DEBUG: Episode 18 step 501
DEBUG: Episode 18 step 521
DEBUG: Episode 18 step 541
  Episode 18/20: 554 steps, reward: 240.0, time: 738.9s, buffer: 581 sequences
DEBUG: Starting episode 19/20
DEBUG: Environment reset, obs shape: (210, 160, 3)
DEBUG: Frame stack reset, state shape: (12, 210, 160)
DEBUG: Hidden state reset
DEBUG: Episode 19 step 1
DEBUG: Episode 19 step 21
DEBUG: Episode 19 step 41
DEBUG: Episode 19 step 61
DEBUG: Episode 19 step 81
    Step 100: buffer=585 sequences, training
DEBUG: Episode 19 step 101
DEBUG: Episode 19 step 121
DEBUG: Episode 19 step 141
DEBUG: Episode 19 step 161
DEBUG: Episode 19 step 181
    Step 200: buffer=590 sequences, training
DEBUG: Episode 19 step 201
DEBUG: Episode 19 step 221
DEBUG: Episode 19 step 241
DEBUG: Episode 19 step 261
DEBUG: Episode 19 step 281
    Step 300: buffer=595 sequences, training
DEBUG: Episode 19 step 301
DEBUG: Episode 19 step 321
DEBUG: Episode 19 step 341
DEBUG: Episode 19 step 361
Updated target network at step 12500
DEBUG: Episode 19 step 381
    Step 400: buffer=600 sequences, training
DEBUG: Episode 19 step 401
DEBUG: Episode 19 step 421
DEBUG: Episode 19 step 441
DEBUG: Episode 19 step 461
DEBUG: Episode 19 step 481
    Step 500: buffer=605 sequences, training
DEBUG: Episode 19 step 501
DEBUG: Episode 19 step 521
DEBUG: Episode 19 step 541
DEBUG: Episode 19 step 561
DEBUG: Episode 19 step 581
    Step 600: buffer=610 sequences, training
DEBUG: Episode 19 step 601
DEBUG: Episode 19 step 621
DEBUG: Episode 19 step 641
DEBUG: Episode 19 step 661
DEBUG: Episode 19 step 681
    Step 700: buffer=615 sequences, training
DEBUG: Episode 19 step 701
DEBUG: Episode 19 step 721
DEBUG: Episode 19 step 741
DEBUG: Episode 19 step 761
DEBUG: Episode 19 step 781
    Step 800: buffer=620 sequences, training
DEBUG: Episode 19 step 801
  Episode 19/20: 817 steps, reward: 920.0, time: 1085.6s, buffer: 620 sequences
DEBUG: Starting episode 20/20
DEBUG: Environment reset, obs shape: (210, 160, 3)
DEBUG: Frame stack reset, state shape: (12, 210, 160)
DEBUG: Hidden state reset
DEBUG: Episode 20 step 1
DEBUG: Episode 20 step 21
DEBUG: Episode 20 step 41
Updated target network at step 13000
DEBUG: Episode 20 step 61
DEBUG: Episode 20 step 81
DEBUG: Episode 20 step 101
DEBUG: Episode 20 step 121
DEBUG: Episode 20 step 141
DEBUG: Episode 20 step 161
DEBUG: Episode 20 step 181
DEBUG: Episode 20 step 201
DEBUG: Episode 20 step 221
DEBUG: Episode 20 step 241
DEBUG: Episode 20 step 261
DEBUG: Episode 20 step 281
DEBUG: Episode 20 step 301
DEBUG: Episode 20 step 321
DEBUG: Episode 20 step 341
DEBUG: Episode 20 step 361
DEBUG: Episode 20 step 381
DEBUG: Episode 20 step 401
DEBUG: Episode 20 step 421
DEBUG: Episode 20 step 441
DEBUG: Episode 20 step 461
DEBUG: Episode 20 step 481
DEBUG: Episode 20 step 501
DEBUG: Episode 20 step 521
DEBUG: Episode 20 step 541
Updated target network at step 13500
DEBUG: Episode 20 step 561
DEBUG: Episode 20 step 581
DEBUG: Episode 20 step 601
DEBUG: Episode 20 step 621
DEBUG: Episode 20 step 641
DEBUG: Episode 20 step 661
DEBUG: Episode 20 step 681
  Episode 20/20: 692 steps, reward: 200.0, time: 919.6s, buffer: 653 sequences
✓ R2D2 completed in 15115.9s
  Episodes: 20
  Average reward: 278.50
  Final 10 episodes: 310.00
  Best episode: 920.00

Creating learning curves...
✓ Learning curves saved to: ./results/single_game/alien_20ep_20250805_082807/alien_learning_curves.png
/home/ubuntu/code/angle/RL/experiments/single_game_experiment.py:336: UserWarning: FigureCanvasAgg is non-interactive, and thus cannot be shown
  plt.show()

============================================================
ALIEN EXPERIMENT SUMMARY
============================================================
Rank  Algorithm       Avg Reward   Final 10     Best         Time    
----------------------------------------------------------------------
#1    R2D2              278.50       310.00       920.00     15115.9s
#2    Basic DQN         269.50       288.00       430.00      389.5s
#3    DQN + Priority    217.50       232.00       300.00      313.4s

Learning Progress Analysis:
------------------------------
R2D2           : 247.00 → 310.00 (Δ+63.00)
Basic DQN      : 251.00 → 288.00 (Δ+37.00)
DQN + Priority : 203.00 → 232.00 (Δ+29.00)

============================================================
SINGLE GAME EXPERIMENT COMPLETED!
Check ./results/single_game/alien_20ep_20250805_082807 for results
============================================================
