20:33:07 - 50-Episode 5-Algorithm Experiment Started
20:33:07 - Episodes per algorithm: 3
20:33:07 - Games: Alien, IceHockey
20:33:07 - Output directory: ./experiments/results/experiment_50ep_5alg_20250806_203307
20:33:07 - ============================================================
20:33:07 - 
Starting experiments on Alien, IceHockey
20:33:07 - Algorithms: ['Basic DQN', 'DQN + Dueling', 'DQN + Priority', 'Distributed + Priority (50ep)', 'Distributed + Priority (time-matched)']
20:33:07 - 
============================================================
20:33:07 - GAME: Alien
20:33:07 - ============================================================
20:33:07 - 
Algorithm 1/5: Basic DQN
20:33:07 - 
  Running Basic DQN on Alien
20:33:17 -     Episode 1/3: 675 steps, reward=180.0, time=6.9s
20:33:54 -     Episode 3/3: 655 steps, reward=170.0, time=18.9s
20:33:54 -   ✓ Basic DQN completed in 47.1s, avg reward: 176.67
20:33:54 - ✓ Results saved: ./experiments/results/experiment_50ep_5alg_20250806_203307/results.json
20:33:54 - 
Algorithm 2/5: DQN + Dueling
20:33:54 - 
  Running DQN + Dueling on Alien
20:33:55 -     Episode 1/3: 495 steps, reward=130.0, time=0.7s
20:34:39 -     Episode 3/3: 520 steps, reward=120.0, time=15.1s
20:34:39 -   ✓ DQN + Dueling completed in 45.0s, avg reward: 156.67
20:34:39 - ✓ Results saved: ./experiments/results/experiment_50ep_5alg_20250806_203307/results.json
20:34:39 - 
Algorithm 3/5: DQN + Priority
20:34:39 - 
  Running DQN + Priority on Alien
20:34:42 -     Episode 1/3: 580 steps, reward=220.0, time=2.5s
20:35:17 -     Episode 3/3: 694 steps, reward=180.0, time=20.4s
20:35:17 -   ✓ DQN + Priority completed in 38.0s, avg reward: 203.33
20:35:17 -     → Baseline time set: 38.0s
20:35:17 - ✓ Results saved: ./experiments/results/experiment_50ep_5alg_20250806_203307/results.json
20:35:17 - 
Algorithm 4/5: Distributed + Priority (50ep)
20:35:17 - 
  Running Distributed + Priority (50ep) on Alien (fixed 3 episodes)
20:35:31 -   ✓ Distributed + Priority (50ep) completed in 14.2s, avg reward: 226.67
20:35:31 -     Actual episodes collected: 3
20:35:31 - ✓ Results saved: ./experiments/results/experiment_50ep_5alg_20250806_203307/results.json
20:35:31 - 
Algorithm 5/5: Distributed + Priority (time-matched)
20:35:31 - 
  Running Distributed + Priority (time-matched) on Alien (time-matched: 38.0s)
